[ 2016-04-14T00:17:15+08:00 ] 127.0.0.1 /
INFO: [ app_init ] --START--
INFO: Run Behavior\BuildLiteBehavior [ RunTime:0.000000s ]
INFO: [ app_init ] --END-- [ RunTime:0.000000s ]
INFO: [ app_begin ] --START--
INFO: Run Behavior\ReadHtmlCacheBehavior [ RunTime:0.015600s ]
INFO: [ app_begin ] --END-- [ RunTime:0.015600s ]
SQL: SHOW COLUMNS FROM `hemei_sets` [ RunTime:0.0156s ]
SQL: SHOW COLUMNS FROM `hemei_sets` [ RunTime:0.0000s ]
SQL: SELECT * FROM `hemei_sets`  [ RunTime:0.0000s ]
SQL: SHOW COLUMNS FROM `hemei_notice` [ RunTime:0.0156s ]
SQL: SHOW COLUMNS FROM `hemei_notice` [ RunTime:0.0000s ]
SQL: SELECT * FROM `hemei_notice` WHERE `status` = 1 AND `top` = 1 ORDER BY oid ASC,id DESC LIMIT 1   [ RunTime:0.0000s ]
SQL: SELECT * FROM `hemei_notice` WHERE `status` = 1 AND `top` = 0 ORDER BY oid ASC LIMIT 20   [ RunTime:0.0000s ]
SQL: SHOW COLUMNS FROM `hemei_nav` [ RunTime:0.0156s ]
SQL: SHOW COLUMNS FROM `hemei_nav` [ RunTime:0.0000s ]
SQL: SELECT * FROM `hemei_nav` WHERE `status` = 1 AND `type` = 1 ORDER BY oid ASC LIMIT 7   [ RunTime:0.0000s ]
SQL: SHOW COLUMNS FROM `hemei_links` [ RunTime:0.0000s ]
SQL: SHOW COLUMNS FROM `hemei_links` [ RunTime:0.0156s ]
SQL: SELECT * FROM `hemei_links` WHERE `status` = 1 ORDER BY oid ASC LIMIT 16   [ RunTime:0.0000s ]
NOTIC: [8] Undefined offset: 8 D:\WebRoot\hmsyxx\Hemei\Home\Controller\PublicController.class.php 第 80 行.
NOTIC: [8] Undefined offset: 12 D:\WebRoot\hmsyxx\Hemei\Home\Controller\PublicController.class.php 第 80 行.
NOTIC: [8] Undefined offset: 9 D:\WebRoot\hmsyxx\Hemei\Home\Controller\PublicController.class.php 第 80 行.
NOTIC: [8] Undefined offset: 13 D:\WebRoot\hmsyxx\Hemei\Home\Controller\PublicController.class.php 第 80 行.
NOTIC: [8] Undefined offset: 10 D:\WebRoot\hmsyxx\Hemei\Home\Controller\PublicController.class.php 第 80 行.
NOTIC: [8] Undefined offset: 14 D:\WebRoot\hmsyxx\Hemei\Home\Controller\PublicController.class.php 第 80 行.
NOTIC: [8] Undefined offset: 7 D:\WebRoot\hmsyxx\Hemei\Home\Controller\PublicController.class.php 第 80 行.
NOTIC: [8] Undefined offset: 11 D:\WebRoot\hmsyxx\Hemei\Home\Controller\PublicController.class.php 第 80 行.
NOTIC: [8] Undefined offset: 15 D:\WebRoot\hmsyxx\Hemei\Home\Controller\PublicController.class.php 第 80 行.
SQL: SHOW COLUMNS FROM `hemei_news` [ RunTime:0.0000s ]
SQL: SHOW COLUMNS FROM `hemei_news` [ RunTime:0.0156s ]
SQL: SELECT * FROM `hemei_news` WHERE `status` = 0 AND `cid` = 3 ORDER BY oid DESC,posttime ASC LIMIT 1,6   [ RunTime:0.0000s ]
SQL: SELECT * FROM `hemei_news` WHERE `cid` = 3 AND `status` = 0 ORDER BY oid DESC LIMIT 1   [ RunTime:0.0000s ]
SQL: SELECT * FROM `hemei_news` WHERE `status` = 0 AND `cid` = 4 ORDER BY oid DESC,posttime ASC LIMIT 0,6   [ RunTime:0.0000s ]
SQL: SELECT * FROM `hemei_news` WHERE `status` = 0 AND `cid` = 1 ORDER BY oid DESC,posttime ASC LIMIT 1,10   [ RunTime:0.0000s ]
SQL: SELECT * FROM `hemei_news` WHERE `cid` = 1 AND `status` = 0 ORDER BY oid DESC LIMIT 1   [ RunTime:0.0000s ]
INFO: [ view_parse ] --START--
INFO: [ template_filter ] --START--
INFO: Run Behavior\ContentReplaceBehavior [ RunTime:0.000000s ]
INFO: [ template_filter ] --END-- [ RunTime:0.000000s ]
NOTIC: [8] Undefined variable: page_title D:\WebRoot\hmsyxx\Hemei\Runtime\Cache\Home\5036fb87e9eadcb684563d648053b2c6.php 第 8 行.
NOTIC: [8] Use of undefined constant uri - assumed 'uri' D:\WebRoot\hmsyxx\Hemei\Runtime\Cache\Home\5036fb87e9eadcb684563d648053b2c6.php 第 103 行.
NOTIC: [8] Use of undefined constant uri - assumed 'uri' D:\WebRoot\hmsyxx\Hemei\Runtime\Cache\Home\5036fb87e9eadcb684563d648053b2c6.php 第 103 行.
NOTIC: [8] Use of undefined constant uri - assumed 'uri' D:\WebRoot\hmsyxx\Hemei\Runtime\Cache\Home\5036fb87e9eadcb684563d648053b2c6.php 第 103 行.
NOTIC: [8] Use of undefined constant uri - assumed 'uri' D:\WebRoot\hmsyxx\Hemei\Runtime\Cache\Home\5036fb87e9eadcb684563d648053b2c6.php 第 103 行.
NOTIC: [8] Use of undefined constant uri - assumed 'uri' D:\WebRoot\hmsyxx\Hemei\Runtime\Cache\Home\5036fb87e9eadcb684563d648053b2c6.php 第 103 行.
NOTIC: [8] Undefined index: image D:\WebRoot\hmsyxx\Hemei\Runtime\Cache\Home\5036fb87e9eadcb684563d648053b2c6.php 第 126 行.
INFO: Run Behavior\ParseTemplateBehavior [ RunTime:0.046800s ]
INFO: [ view_parse ] --END-- [ RunTime:0.046800s ]
INFO: [ view_filter ] --START--
INFO: Run Behavior\WriteHtmlCacheBehavior [ RunTime:0.000000s ]
INFO: [ view_filter ] --END-- [ RunTime:0.000000s ]
INFO: [ app_end ] --START--
INFO: Run Behavior\ShowPageTraceBehavior [ RunTime:0.000000s ]
INFO: [ app_end ] --END-- [ RunTime:0.000000s ]

[ 2016-04-14T02:35:41+08:00 ] 127.0.0.1 /Home/Article/index/newsid/33.html
INFO: [ app_init ] --START--
INFO: Run Behavior\BuildLiteBehavior [ RunTime:0.000000s ]
INFO: [ app_init ] --END-- [ RunTime:0.000000s ]
INFO: [ app_begin ] --START--
INFO: Run Behavior\ReadHtmlCacheBehavior [ RunTime:0.000000s ]
INFO: [ app_begin ] --END-- [ RunTime:0.000000s ]
SQL: SHOW COLUMNS FROM `hemei_sets` [ RunTime:0.0156s ]
SQL: SHOW COLUMNS FROM `hemei_sets` [ RunTime:0.0000s ]
SQL: SELECT * FROM `hemei_sets`  [ RunTime:0.0000s ]
SQL: SHOW COLUMNS FROM `hemei_nav` [ RunTime:0.0000s ]
SQL: SHOW COLUMNS FROM `hemei_nav` [ RunTime:0.0156s ]
SQL: SELECT * FROM `hemei_nav` WHERE `status` = 1 AND `type` = 1 ORDER BY oid ASC LIMIT 7   [ RunTime:0.0000s ]
SQL: SHOW COLUMNS FROM `hemei_links` [ RunTime:0.0000s ]
SQL: SHOW COLUMNS FROM `hemei_links` [ RunTime:0.0156s ]
SQL: SELECT * FROM `hemei_links` WHERE `status` = 1 ORDER BY oid ASC LIMIT 16   [ RunTime:0.0000s ]
NOTIC: [8] Undefined offset: 8 D:\WebRoot\hmsyxx\Hemei\Home\Controller\PublicController.class.php 第 80 行.
NOTIC: [8] Undefined offset: 12 D:\WebRoot\hmsyxx\Hemei\Home\Controller\PublicController.class.php 第 80 行.
NOTIC: [8] Undefined offset: 9 D:\WebRoot\hmsyxx\Hemei\Home\Controller\PublicController.class.php 第 80 行.
NOTIC: [8] Undefined offset: 13 D:\WebRoot\hmsyxx\Hemei\Home\Controller\PublicController.class.php 第 80 行.
NOTIC: [8] Undefined offset: 10 D:\WebRoot\hmsyxx\Hemei\Home\Controller\PublicController.class.php 第 80 行.
NOTIC: [8] Undefined offset: 14 D:\WebRoot\hmsyxx\Hemei\Home\Controller\PublicController.class.php 第 80 行.
NOTIC: [8] Undefined offset: 7 D:\WebRoot\hmsyxx\Hemei\Home\Controller\PublicController.class.php 第 80 行.
NOTIC: [8] Undefined offset: 11 D:\WebRoot\hmsyxx\Hemei\Home\Controller\PublicController.class.php 第 80 行.
NOTIC: [8] Undefined offset: 15 D:\WebRoot\hmsyxx\Hemei\Home\Controller\PublicController.class.php 第 80 行.
NOTIC: [8] Undefined index: nav D:\WebRoot\hmsyxx\Hemei\Home\Controller\ArticleController.class.php 第 20 行.
NOTIC: [8] Undefined index: cid D:\WebRoot\hmsyxx\Hemei\Home\Controller\ArticleController.class.php 第 25 行.
NOTIC: [8] Undefined index: nav D:\WebRoot\hmsyxx\Hemei\Home\Controller\ArticleController.class.php 第 29 行.
SQL: SHOW COLUMNS FROM `hemei_category` [ RunTime:0.0000s ]
SQL: SHOW COLUMNS FROM `hemei_category` [ RunTime:0.0156s ]
SQL: SELECT * FROM `hemei_category` WHERE `nid` = null ORDER BY oid ASC LIMIT 1   [ RunTime:0.0000s ]
SQL: SELECT * FROM `hemei_nav` WHERE `id` = 8 LIMIT 1   [ RunTime:0.0000s ]
SQL: SELECT * FROM `hemei_category` WHERE `status` = 1 AND `nid` = 8 AND `pid` = 0 ORDER BY oid ASC  [ RunTime:0.0000s ]
SQL: SELECT * FROM `hemei_category` WHERE `status` = 1 AND `pid` = 1 ORDER BY oid ASC  [ RunTime:0.0000s ]
SQL: SELECT * FROM `hemei_category` WHERE `status` = 1 AND `pid` = 2 ORDER BY oid ASC  [ RunTime:0.0000s ]
SQL: SELECT * FROM `hemei_category` WHERE `status` = 1 AND `pid` = 3 ORDER BY oid ASC  [ RunTime:0.0000s ]
SQL: SELECT * FROM `hemei_category` WHERE `status` = 1 AND `pid` = 4 ORDER BY oid ASC  [ RunTime:0.0000s ]
SQL: SELECT * FROM `hemei_category` WHERE `status` = 1 AND `pid` = 5 ORDER BY oid ASC  [ RunTime:0.0000s ]
SQL: SHOW COLUMNS FROM `hemei_news` [ RunTime:0.0156s ]
SQL: SHOW COLUMNS FROM `hemei_news` [ RunTime:0.0000s ]
SQL: SELECT * FROM `hemei_news` WHERE `id` = 33 LIMIT 1   [ RunTime:0.0000s ]
SQL: SELECT * FROM `hemei_category` WHERE `id` = 4 ORDER BY oid ASC LIMIT 1   [ RunTime:0.0000s ]
INFO: [ view_parse ] --START--
INFO: [ template_filter ] --START--
INFO: Run Behavior\ContentReplaceBehavior [ RunTime:0.000000s ]
INFO: [ template_filter ] --END-- [ RunTime:0.000000s ]
INFO: Run Behavior\ParseTemplateBehavior [ RunTime:0.046800s ]
INFO: [ view_parse ] --END-- [ RunTime:0.046800s ]
INFO: [ view_filter ] --START--
INFO: Run Behavior\WriteHtmlCacheBehavior [ RunTime:0.000000s ]
INFO: [ view_filter ] --END-- [ RunTime:0.000000s ]
INFO: [ app_end ] --START--
INFO: Run Behavior\ShowPageTraceBehavior [ RunTime:0.000000s ]
INFO: [ app_end ] --END-- [ RunTime:0.000000s ]

[ 2016-04-14T03:16:02+08:00 ] 127.0.0.1 /
INFO: [ app_init ] --START--
INFO: Run Behavior\BuildLiteBehavior [ RunTime:0.000000s ]
INFO: [ app_init ] --END-- [ RunTime:0.015600s ]
INFO: [ app_begin ] --START--
INFO: Run Behavior\ReadHtmlCacheBehavior [ RunTime:0.000000s ]
INFO: [ app_begin ] --END-- [ RunTime:0.000000s ]
SQL: SHOW COLUMNS FROM `hemei_sets` [ RunTime:0.0000s ]
SQL: SHOW COLUMNS FROM `hemei_sets` [ RunTime:0.0156s ]
SQL: SELECT * FROM `hemei_sets`  [ RunTime:0.0000s ]
SQL: SHOW COLUMNS FROM `hemei_notice` [ RunTime:0.0000s ]
SQL: SHOW COLUMNS FROM `hemei_notice` [ RunTime:0.0156s ]
SQL: SELECT * FROM `hemei_notice` WHERE `status` = 1 AND `top` = 1 ORDER BY oid ASC,id DESC LIMIT 1   [ RunTime:0.0000s ]
SQL: SELECT * FROM `hemei_notice` WHERE `status` = 1 AND `top` = 0 ORDER BY oid ASC LIMIT 20   [ RunTime:0.0000s ]
SQL: SHOW COLUMNS FROM `hemei_nav` [ RunTime:0.0000s ]
SQL: SHOW COLUMNS FROM `hemei_nav` [ RunTime:0.0000s ]
SQL: SELECT * FROM `hemei_nav` WHERE `status` = 1 AND `type` = 1 ORDER BY oid ASC LIMIT 7   [ RunTime:0.0000s ]
SQL: SHOW COLUMNS FROM `hemei_links` [ RunTime:0.0156s ]
SQL: SHOW COLUMNS FROM `hemei_links` [ RunTime:0.0000s ]
SQL: SELECT * FROM `hemei_links` WHERE `status` = 1 ORDER BY oid ASC LIMIT 16   [ RunTime:0.0000s ]
NOTIC: [8] Undefined offset: 8 D:\WebRoot\hmsyxx\Hemei\Home\Controller\PublicController.class.php 第 80 行.
NOTIC: [8] Undefined offset: 12 D:\WebRoot\hmsyxx\Hemei\Home\Controller\PublicController.class.php 第 80 行.
NOTIC: [8] Undefined offset: 9 D:\WebRoot\hmsyxx\Hemei\Home\Controller\PublicController.class.php 第 80 行.
NOTIC: [8] Undefined offset: 13 D:\WebRoot\hmsyxx\Hemei\Home\Controller\PublicController.class.php 第 80 行.
NOTIC: [8] Undefined offset: 10 D:\WebRoot\hmsyxx\Hemei\Home\Controller\PublicController.class.php 第 80 行.
NOTIC: [8] Undefined offset: 14 D:\WebRoot\hmsyxx\Hemei\Home\Controller\PublicController.class.php 第 80 行.
NOTIC: [8] Undefined offset: 7 D:\WebRoot\hmsyxx\Hemei\Home\Controller\PublicController.class.php 第 80 行.
NOTIC: [8] Undefined offset: 11 D:\WebRoot\hmsyxx\Hemei\Home\Controller\PublicController.class.php 第 80 行.
NOTIC: [8] Undefined offset: 15 D:\WebRoot\hmsyxx\Hemei\Home\Controller\PublicController.class.php 第 80 行.
SQL: SHOW COLUMNS FROM `hemei_news` [ RunTime:0.0000s ]
SQL: SHOW COLUMNS FROM `hemei_news` [ RunTime:0.0156s ]
SQL: SELECT * FROM `hemei_news` WHERE `status` = 0 AND `cid` = 3 ORDER BY oid DESC,posttime ASC LIMIT 1,6   [ RunTime:0.0000s ]
SQL: SELECT * FROM `hemei_news` WHERE `cid` = 3 AND `status` = 0 ORDER BY oid DESC LIMIT 1   [ RunTime:0.0000s ]
SQL: SELECT * FROM `hemei_news` WHERE `status` = 0 AND `cid` = 4 ORDER BY oid DESC,posttime ASC LIMIT 0,6   [ RunTime:0.0000s ]
SQL: SELECT * FROM `hemei_news` WHERE `status` = 0 AND `cid` = 1 ORDER BY oid DESC,posttime ASC LIMIT 1,10   [ RunTime:0.0000s ]
SQL: SELECT * FROM `hemei_news` WHERE `cid` = 1 AND `status` = 0 ORDER BY oid DESC LIMIT 1   [ RunTime:0.0000s ]
INFO: [ view_parse ] --START--
INFO: [ template_filter ] --START--
INFO: Run Behavior\ContentReplaceBehavior [ RunTime:0.000000s ]
INFO: [ template_filter ] --END-- [ RunTime:0.000000s ]
NOTIC: [8] Undefined variable: page_title D:\WebRoot\hmsyxx\Hemei\Runtime\Cache\Home\5036fb87e9eadcb684563d648053b2c6.php 第 8 行.
NOTIC: [8] Use of undefined constant uri - assumed 'uri' D:\WebRoot\hmsyxx\Hemei\Runtime\Cache\Home\5036fb87e9eadcb684563d648053b2c6.php 第 103 行.
NOTIC: [8] Use of undefined constant uri - assumed 'uri' D:\WebRoot\hmsyxx\Hemei\Runtime\Cache\Home\5036fb87e9eadcb684563d648053b2c6.php 第 103 行.
NOTIC: [8] Use of undefined constant uri - assumed 'uri' D:\WebRoot\hmsyxx\Hemei\Runtime\Cache\Home\5036fb87e9eadcb684563d648053b2c6.php 第 103 行.
NOTIC: [8] Use of undefined constant uri - assumed 'uri' D:\WebRoot\hmsyxx\Hemei\Runtime\Cache\Home\5036fb87e9eadcb684563d648053b2c6.php 第 103 行.
NOTIC: [8] Use of undefined constant uri - assumed 'uri' D:\WebRoot\hmsyxx\Hemei\Runtime\Cache\Home\5036fb87e9eadcb684563d648053b2c6.php 第 103 行.
NOTIC: [8] Undefined index: image D:\WebRoot\hmsyxx\Hemei\Runtime\Cache\Home\5036fb87e9eadcb684563d648053b2c6.php 第 126 行.
INFO: Run Behavior\ParseTemplateBehavior [ RunTime:0.046801s ]
INFO: [ view_parse ] --END-- [ RunTime:0.046801s ]
INFO: [ view_filter ] --START--
INFO: Run Behavior\WriteHtmlCacheBehavior [ RunTime:0.000000s ]
INFO: [ view_filter ] --END-- [ RunTime:0.000000s ]
INFO: [ app_end ] --START--
INFO: Run Behavior\ShowPageTraceBehavior [ RunTime:0.000000s ]
INFO: [ app_end ] --END-- [ RunTime:0.000000s ]

[ 2016-04-14T04:03:10+08:00 ] 127.0.0.1 /
INFO: [ app_init ] --START--
INFO: Run Behavior\BuildLiteBehavior [ RunTime:0.000000s ]
INFO: [ app_init ] --END-- [ RunTime:0.000000s ]
INFO: [ app_begin ] --START--
INFO: Run Behavior\ReadHtmlCacheBehavior [ RunTime:0.000000s ]
INFO: [ app_begin ] --END-- [ RunTime:0.000000s ]
SQL: SHOW COLUMNS FROM `hemei_sets` [ RunTime:0.0156s ]
SQL: SHOW COLUMNS FROM `hemei_sets` [ RunTime:0.0000s ]
SQL: SELECT * FROM `hemei_sets`  [ RunTime:0.0000s ]
SQL: SHOW COLUMNS FROM `hemei_notice` [ RunTime:0.0000s ]
SQL: SHOW COLUMNS FROM `hemei_notice` [ RunTime:0.0156s ]
SQL: SELECT * FROM `hemei_notice` WHERE `status` = 1 AND `top` = 1 ORDER BY oid ASC,id DESC LIMIT 1   [ RunTime:0.0000s ]
SQL: SELECT * FROM `hemei_notice` WHERE `status` = 1 AND `top` = 0 ORDER BY oid ASC LIMIT 20   [ RunTime:0.0000s ]
SQL: SHOW COLUMNS FROM `hemei_nav` [ RunTime:0.0000s ]
SQL: SHOW COLUMNS FROM `hemei_nav` [ RunTime:0.0156s ]
SQL: SELECT * FROM `hemei_nav` WHERE `status` = 1 AND `type` = 1 ORDER BY oid ASC LIMIT 7   [ RunTime:0.0000s ]
SQL: SHOW COLUMNS FROM `hemei_links` [ RunTime:0.0000s ]
SQL: SHOW COLUMNS FROM `hemei_links` [ RunTime:0.0206s ]
SQL: SELECT * FROM `hemei_links` WHERE `status` = 1 ORDER BY oid ASC LIMIT 16   [ RunTime:0.0010s ]
NOTIC: [8] Undefined offset: 8 D:\WebRoot\hmsyxx\Hemei\Home\Controller\PublicController.class.php 第 80 行.
NOTIC: [8] Undefined offset: 12 D:\WebRoot\hmsyxx\Hemei\Home\Controller\PublicController.class.php 第 80 行.
NOTIC: [8] Undefined offset: 9 D:\WebRoot\hmsyxx\Hemei\Home\Controller\PublicController.class.php 第 80 行.
NOTIC: [8] Undefined offset: 13 D:\WebRoot\hmsyxx\Hemei\Home\Controller\PublicController.class.php 第 80 行.
NOTIC: [8] Undefined offset: 10 D:\WebRoot\hmsyxx\Hemei\Home\Controller\PublicController.class.php 第 80 行.
NOTIC: [8] Undefined offset: 14 D:\WebRoot\hmsyxx\Hemei\Home\Controller\PublicController.class.php 第 80 行.
NOTIC: [8] Undefined offset: 7 D:\WebRoot\hmsyxx\Hemei\Home\Controller\PublicController.class.php 第 80 行.
NOTIC: [8] Undefined offset: 11 D:\WebRoot\hmsyxx\Hemei\Home\Controller\PublicController.class.php 第 80 行.
NOTIC: [8] Undefined offset: 15 D:\WebRoot\hmsyxx\Hemei\Home\Controller\PublicController.class.php 第 80 行.
SQL: SHOW COLUMNS FROM `hemei_news` [ RunTime:0.0050s ]
SQL: SHOW COLUMNS FROM `hemei_news` [ RunTime:0.0050s ]
SQL: SELECT * FROM `hemei_news` WHERE `status` = 0 AND `cid` = 3 ORDER BY oid DESC,posttime ASC LIMIT 1,6   [ RunTime:0.0010s ]
SQL: SELECT * FROM `hemei_news` WHERE `cid` = 3 AND `status` = 0 ORDER BY oid DESC LIMIT 1   [ RunTime:0.0000s ]
SQL: SELECT * FROM `hemei_news` WHERE `status` = 0 AND `cid` = 4 ORDER BY oid DESC,posttime ASC LIMIT 0,6   [ RunTime:0.0010s ]
SQL: SELECT * FROM `hemei_news` WHERE `status` = 0 AND `cid` = 1 ORDER BY oid DESC,posttime ASC LIMIT 1,10   [ RunTime:0.0000s ]
SQL: SELECT * FROM `hemei_news` WHERE `cid` = 1 AND `status` = 0 ORDER BY oid DESC LIMIT 1   [ RunTime:0.0010s ]
INFO: [ view_parse ] --START--
INFO: [ template_filter ] --START--
INFO: Run Behavior\ContentReplaceBehavior [ RunTime:0.000000s ]
INFO: [ template_filter ] --END-- [ RunTime:0.000000s ]
NOTIC: [8] Undefined variable: page_title D:\WebRoot\hmsyxx\Hemei\Runtime\Cache\Home\5036fb87e9eadcb684563d648053b2c6.php 第 8 行.
NOTIC: [8] Use of undefined constant uri - assumed 'uri' D:\WebRoot\hmsyxx\Hemei\Runtime\Cache\Home\5036fb87e9eadcb684563d648053b2c6.php 第 103 行.
NOTIC: [8] Use of undefined constant uri - assumed 'uri' D:\WebRoot\hmsyxx\Hemei\Runtime\Cache\Home\5036fb87e9eadcb684563d648053b2c6.php 第 103 行.
NOTIC: [8] Use of undefined constant uri - assumed 'uri' D:\WebRoot\hmsyxx\Hemei\Runtime\Cache\Home\5036fb87e9eadcb684563d648053b2c6.php 第 103 行.
NOTIC: [8] Use of undefined constant uri - assumed 'uri' D:\WebRoot\hmsyxx\Hemei\Runtime\Cache\Home\5036fb87e9eadcb684563d648053b2c6.php 第 103 行.
NOTIC: [8] Use of undefined constant uri - assumed 'uri' D:\WebRoot\hmsyxx\Hemei\Runtime\Cache\Home\5036fb87e9eadcb684563d648053b2c6.php 第 103 行.
NOTIC: [8] Undefined index: image D:\WebRoot\hmsyxx\Hemei\Runtime\Cache\Home\5036fb87e9eadcb684563d648053b2c6.php 第 126 行.
INFO: Run Behavior\ParseTemplateBehavior [ RunTime:0.031200s ]
INFO: [ view_parse ] --END-- [ RunTime:0.031200s ]
INFO: [ view_filter ] --START--
INFO: Run Behavior\WriteHtmlCacheBehavior [ RunTime:0.000000s ]
INFO: [ view_filter ] --END-- [ RunTime:0.000000s ]
INFO: [ app_end ] --START--
INFO: Run Behavior\ShowPageTraceBehavior [ RunTime:0.000000s ]
INFO: [ app_end ] --END-- [ RunTime:0.000000s ]

[ 2016-04-14T04:33:55+08:00 ] 127.0.0.1 /
INFO: [ app_init ] --START--
INFO: Run Behavior\BuildLiteBehavior [ RunTime:0.000000s ]
INFO: [ app_init ] --END-- [ RunTime:0.000000s ]
INFO: [ app_begin ] --START--
INFO: Run Behavior\ReadHtmlCacheBehavior [ RunTime:0.000000s ]
INFO: [ app_begin ] --END-- [ RunTime:0.000000s ]
SQL: SHOW COLUMNS FROM `hemei_sets` [ RunTime:0.0156s ]
SQL: SHOW COLUMNS FROM `hemei_sets` [ RunTime:0.0000s ]
SQL: SELECT * FROM `hemei_sets`  [ RunTime:0.0000s ]
SQL: SHOW COLUMNS FROM `hemei_notice` [ RunTime:0.0000s ]
SQL: SHOW COLUMNS FROM `hemei_notice` [ RunTime:0.0156s ]
SQL: SELECT * FROM `hemei_notice` WHERE `status` = 1 AND `top` = 1 ORDER BY oid ASC,id DESC LIMIT 1   [ RunTime:0.0000s ]
SQL: SELECT * FROM `hemei_notice` WHERE `status` = 1 AND `top` = 0 ORDER BY oid ASC LIMIT 20   [ RunTime:0.0000s ]
SQL: SHOW COLUMNS FROM `hemei_nav` [ RunTime:0.0000s ]
SQL: SHOW COLUMNS FROM `hemei_nav` [ RunTime:0.0000s ]
SQL: SELECT * FROM `hemei_nav` WHERE `status` = 1 AND `type` = 1 ORDER BY oid ASC LIMIT 7   [ RunTime:0.0000s ]
SQL: SHOW COLUMNS FROM `hemei_links` [ RunTime:0.0156s ]
SQL: SHOW COLUMNS FROM `hemei_links` [ RunTime:0.0000s ]
SQL: SELECT * FROM `hemei_links` WHERE `status` = 1 ORDER BY oid ASC LIMIT 16   [ RunTime:0.0000s ]
NOTIC: [8] Undefined offset: 8 D:\WebRoot\hmsyxx\Hemei\Home\Controller\PublicController.class.php 第 80 行.
NOTIC: [8] Undefined offset: 12 D:\WebRoot\hmsyxx\Hemei\Home\Controller\PublicController.class.php 第 80 行.
NOTIC: [8] Undefined offset: 9 D:\WebRoot\hmsyxx\Hemei\Home\Controller\PublicController.class.php 第 80 行.
NOTIC: [8] Undefined offset: 13 D:\WebRoot\hmsyxx\Hemei\Home\Controller\PublicController.class.php 第 80 行.
NOTIC: [8] Undefined offset: 10 D:\WebRoot\hmsyxx\Hemei\Home\Controller\PublicController.class.php 第 80 行.
NOTIC: [8] Undefined offset: 14 D:\WebRoot\hmsyxx\Hemei\Home\Controller\PublicController.class.php 第 80 行.
NOTIC: [8] Undefined offset: 7 D:\WebRoot\hmsyxx\Hemei\Home\Controller\PublicController.class.php 第 80 行.
NOTIC: [8] Undefined offset: 11 D:\WebRoot\hmsyxx\Hemei\Home\Controller\PublicController.class.php 第 80 行.
NOTIC: [8] Undefined offset: 15 D:\WebRoot\hmsyxx\Hemei\Home\Controller\PublicController.class.php 第 80 行.
SQL: SHOW COLUMNS FROM `hemei_news` [ RunTime:0.0156s ]
SQL: SHOW COLUMNS FROM `hemei_news` [ RunTime:0.0000s ]
SQL: SELECT * FROM `hemei_news` WHERE `status` = 0 AND `cid` = 3 ORDER BY oid DESC,posttime ASC LIMIT 1,6   [ RunTime:0.0000s ]
SQL: SELECT * FROM `hemei_news` WHERE `cid` = 3 AND `status` = 0 ORDER BY oid DESC LIMIT 1   [ RunTime:0.0000s ]
SQL: SELECT * FROM `hemei_news` WHERE `status` = 0 AND `cid` = 4 ORDER BY oid DESC,posttime ASC LIMIT 0,6   [ RunTime:0.0000s ]
SQL: SELECT * FROM `hemei_news` WHERE `status` = 0 AND `cid` = 1 ORDER BY oid DESC,posttime ASC LIMIT 1,10   [ RunTime:0.0000s ]
SQL: SELECT * FROM `hemei_news` WHERE `cid` = 1 AND `status` = 0 ORDER BY oid DESC LIMIT 1   [ RunTime:0.0000s ]
INFO: [ view_parse ] --START--
INFO: [ template_filter ] --START--
INFO: Run Behavior\ContentReplaceBehavior [ RunTime:0.000000s ]
INFO: [ template_filter ] --END-- [ RunTime:0.000000s ]
NOTIC: [8] Undefined variable: page_title D:\WebRoot\hmsyxx\Hemei\Runtime\Cache\Home\5036fb87e9eadcb684563d648053b2c6.php 第 8 行.
NOTIC: [8] Use of undefined constant uri - assumed 'uri' D:\WebRoot\hmsyxx\Hemei\Runtime\Cache\Home\5036fb87e9eadcb684563d648053b2c6.php 第 103 行.
NOTIC: [8] Use of undefined constant uri - assumed 'uri' D:\WebRoot\hmsyxx\Hemei\Runtime\Cache\Home\5036fb87e9eadcb684563d648053b2c6.php 第 103 行.
NOTIC: [8] Use of undefined constant uri - assumed 'uri' D:\WebRoot\hmsyxx\Hemei\Runtime\Cache\Home\5036fb87e9eadcb684563d648053b2c6.php 第 103 行.
NOTIC: [8] Use of undefined constant uri - assumed 'uri' D:\WebRoot\hmsyxx\Hemei\Runtime\Cache\Home\5036fb87e9eadcb684563d648053b2c6.php 第 103 行.
NOTIC: [8] Use of undefined constant uri - assumed 'uri' D:\WebRoot\hmsyxx\Hemei\Runtime\Cache\Home\5036fb87e9eadcb684563d648053b2c6.php 第 103 行.
NOTIC: [8] Undefined index: image D:\WebRoot\hmsyxx\Hemei\Runtime\Cache\Home\5036fb87e9eadcb684563d648053b2c6.php 第 126 行.
INFO: Run Behavior\ParseTemplateBehavior [ RunTime:0.046800s ]
INFO: [ view_parse ] --END-- [ RunTime:0.046800s ]
INFO: [ view_filter ] --START--
INFO: Run Behavior\WriteHtmlCacheBehavior [ RunTime:0.000000s ]
INFO: [ view_filter ] --END-- [ RunTime:0.000000s ]
INFO: [ app_end ] --START--
INFO: Run Behavior\ShowPageTraceBehavior [ RunTime:0.000000s ]
INFO: [ app_end ] --END-- [ RunTime:0.000000s ]

[ 2016-04-14T04:33:55+08:00 ] 127.0.0.1 /
INFO: [ app_init ] --START--
INFO: Run Behavior\BuildLiteBehavior [ RunTime:0.000000s ]
INFO: [ app_init ] --END-- [ RunTime:0.000000s ]
INFO: [ app_begin ] --START--
INFO: Run Behavior\ReadHtmlCacheBehavior [ RunTime:0.000000s ]
INFO: [ app_begin ] --END-- [ RunTime:0.000000s ]
SQL: SHOW COLUMNS FROM `hemei_sets` [ RunTime:0.0156s ]
SQL: SHOW COLUMNS FROM `hemei_sets` [ RunTime:0.0000s ]
SQL: SELECT * FROM `hemei_sets`  [ RunTime:0.0000s ]
SQL: SHOW COLUMNS FROM `hemei_notice` [ RunTime:0.0000s ]
SQL: SHOW COLUMNS FROM `hemei_notice` [ RunTime:0.0156s ]
SQL: SELECT * FROM `hemei_notice` WHERE `status` = 1 AND `top` = 1 ORDER BY oid ASC,id DESC LIMIT 1   [ RunTime:0.0000s ]
SQL: SELECT * FROM `hemei_notice` WHERE `status` = 1 AND `top` = 0 ORDER BY oid ASC LIMIT 20   [ RunTime:0.0000s ]
SQL: SHOW COLUMNS FROM `hemei_nav` [ RunTime:0.0000s ]
SQL: SHOW COLUMNS FROM `hemei_nav` [ RunTime:0.0000s ]
SQL: SELECT * FROM `hemei_nav` WHERE `status` = 1 AND `type` = 1 ORDER BY oid ASC LIMIT 7   [ RunTime:0.0000s ]
SQL: SHOW COLUMNS FROM `hemei_links` [ RunTime:0.0156s ]
SQL: SHOW COLUMNS FROM `hemei_links` [ RunTime:0.0000s ]
SQL: SELECT * FROM `hemei_links` WHERE `status` = 1 ORDER BY oid ASC LIMIT 16   [ RunTime:0.0000s ]
NOTIC: [8] Undefined offset: 8 D:\WebRoot\hmsyxx\Hemei\Home\Controller\PublicController.class.php 第 80 行.
NOTIC: [8] Undefined offset: 12 D:\WebRoot\hmsyxx\Hemei\Home\Controller\PublicController.class.php 第 80 行.
NOTIC: [8] Undefined offset: 9 D:\WebRoot\hmsyxx\Hemei\Home\Controller\PublicController.class.php 第 80 行.
NOTIC: [8] Undefined offset: 13 D:\WebRoot\hmsyxx\Hemei\Home\Controller\PublicController.class.php 第 80 行.
NOTIC: [8] Undefined offset: 10 D:\WebRoot\hmsyxx\Hemei\Home\Controller\PublicController.class.php 第 80 行.
NOTIC: [8] Undefined offset: 14 D:\WebRoot\hmsyxx\Hemei\Home\Controller\PublicController.class.php 第 80 行.
NOTIC: [8] Undefined offset: 7 D:\WebRoot\hmsyxx\Hemei\Home\Controller\PublicController.class.php 第 80 行.
NOTIC: [8] Undefined offset: 11 D:\WebRoot\hmsyxx\Hemei\Home\Controller\PublicController.class.php 第 80 行.
NOTIC: [8] Undefined offset: 15 D:\WebRoot\hmsyxx\Hemei\Home\Controller\PublicController.class.php 第 80 行.
SQL: SHOW COLUMNS FROM `hemei_news` [ RunTime:0.0156s ]
SQL: SHOW COLUMNS FROM `hemei_news` [ RunTime:0.0000s ]
SQL: SELECT * FROM `hemei_news` WHERE `status` = 0 AND `cid` = 3 ORDER BY oid DESC,posttime ASC LIMIT 1,6   [ RunTime:0.0000s ]
SQL: SELECT * FROM `hemei_news` WHERE `cid` = 3 AND `status` = 0 ORDER BY oid DESC LIMIT 1   [ RunTime:0.0000s ]
SQL: SELECT * FROM `hemei_news` WHERE `status` = 0 AND `cid` = 4 ORDER BY oid DESC,posttime ASC LIMIT 0,6   [ RunTime:0.0000s ]
SQL: SELECT * FROM `hemei_news` WHERE `status` = 0 AND `cid` = 1 ORDER BY oid DESC,posttime ASC LIMIT 1,10   [ RunTime:0.0000s ]
SQL: SELECT * FROM `hemei_news` WHERE `cid` = 1 AND `status` = 0 ORDER BY oid DESC LIMIT 1   [ RunTime:0.0000s ]
INFO: [ view_parse ] --START--
INFO: [ template_filter ] --START--
INFO: Run Behavior\ContentReplaceBehavior [ RunTime:0.000000s ]
INFO: [ template_filter ] --END-- [ RunTime:0.000000s ]
NOTIC: [8] Undefined variable: page_title D:\WebRoot\hmsyxx\Hemei\Runtime\Cache\Home\5036fb87e9eadcb684563d648053b2c6.php 第 8 行.
NOTIC: [8] Use of undefined constant uri - assumed 'uri' D:\WebRoot\hmsyxx\Hemei\Runtime\Cache\Home\5036fb87e9eadcb684563d648053b2c6.php 第 103 行.
NOTIC: [8] Use of undefined constant uri - assumed 'uri' D:\WebRoot\hmsyxx\Hemei\Runtime\Cache\Home\5036fb87e9eadcb684563d648053b2c6.php 第 103 行.
NOTIC: [8] Use of undefined constant uri - assumed 'uri' D:\WebRoot\hmsyxx\Hemei\Runtime\Cache\Home\5036fb87e9eadcb684563d648053b2c6.php 第 103 行.
NOTIC: [8] Use of undefined constant uri - assumed 'uri' D:\WebRoot\hmsyxx\Hemei\Runtime\Cache\Home\5036fb87e9eadcb684563d648053b2c6.php 第 103 行.
NOTIC: [8] Use of undefined constant uri - assumed 'uri' D:\WebRoot\hmsyxx\Hemei\Runtime\Cache\Home\5036fb87e9eadcb684563d648053b2c6.php 第 103 行.
NOTIC: [8] Undefined index: image D:\WebRoot\hmsyxx\Hemei\Runtime\Cache\Home\5036fb87e9eadcb684563d648053b2c6.php 第 126 行.
INFO: Run Behavior\ParseTemplateBehavior [ RunTime:0.046800s ]
INFO: [ view_parse ] --END-- [ RunTime:0.046800s ]
INFO: [ view_filter ] --START--
INFO: Run Behavior\WriteHtmlCacheBehavior [ RunTime:0.000000s ]
INFO: [ view_filter ] --END-- [ RunTime:0.000000s ]
INFO: [ app_end ] --START--
INFO: Run Behavior\ShowPageTraceBehavior [ RunTime:0.000000s ]
INFO: [ app_end ] --END-- [ RunTime:0.000000s ]

[ 2016-04-14T04:33:55+08:00 ] 127.0.0.1 /
INFO: [ app_init ] --START--
INFO: Run Behavior\BuildLiteBehavior [ RunTime:0.000000s ]
INFO: [ app_init ] --END-- [ RunTime:0.000000s ]
INFO: [ app_begin ] --START--
INFO: Run Behavior\ReadHtmlCacheBehavior [ RunTime:0.000000s ]
INFO: [ app_begin ] --END-- [ RunTime:0.000000s ]
SQL: SHOW COLUMNS FROM `hemei_sets` [ RunTime:0.0156s ]
SQL: SHOW COLUMNS FROM `hemei_sets` [ RunTime:0.0000s ]
SQL: SELECT * FROM `hemei_sets`  [ RunTime:0.0000s ]
SQL: SHOW COLUMNS FROM `hemei_notice` [ RunTime:0.0156s ]
SQL: SHOW COLUMNS FROM `hemei_notice` [ RunTime:0.0000s ]
SQL: SELECT * FROM `hemei_notice` WHERE `status` = 1 AND `top` = 1 ORDER BY oid ASC,id DESC LIMIT 1   [ RunTime:0.0000s ]
SQL: SELECT * FROM `hemei_notice` WHERE `status` = 1 AND `top` = 0 ORDER BY oid ASC LIMIT 20   [ RunTime:0.0000s ]
SQL: SHOW COLUMNS FROM `hemei_nav` [ RunTime:0.0156s ]
SQL: SHOW COLUMNS FROM `hemei_nav` [ RunTime:0.0000s ]
SQL: SELECT * FROM `hemei_nav` WHERE `status` = 1 AND `type` = 1 ORDER BY oid ASC LIMIT 7   [ RunTime:0.0000s ]
SQL: SHOW COLUMNS FROM `hemei_links` [ RunTime:0.0000s ]
SQL: SHOW COLUMNS FROM `hemei_links` [ RunTime:0.0000s ]
SQL: SELECT * FROM `hemei_links` WHERE `status` = 1 ORDER BY oid ASC LIMIT 16   [ RunTime:0.0000s ]
NOTIC: [8] Undefined offset: 8 D:\WebRoot\hmsyxx\Hemei\Home\Controller\PublicController.class.php 第 80 行.
NOTIC: [8] Undefined offset: 12 D:\WebRoot\hmsyxx\Hemei\Home\Controller\PublicController.class.php 第 80 行.
NOTIC: [8] Undefined offset: 9 D:\WebRoot\hmsyxx\Hemei\Home\Controller\PublicController.class.php 第 80 行.
NOTIC: [8] Undefined offset: 13 D:\WebRoot\hmsyxx\Hemei\Home\Controller\PublicController.class.php 第 80 行.
NOTIC: [8] Undefined offset: 10 D:\WebRoot\hmsyxx\Hemei\Home\Controller\PublicController.class.php 第 80 行.
NOTIC: [8] Undefined offset: 14 D:\WebRoot\hmsyxx\Hemei\Home\Controller\PublicController.class.php 第 80 行.
NOTIC: [8] Undefined offset: 7 D:\WebRoot\hmsyxx\Hemei\Home\Controller\PublicController.class.php 第 80 行.
NOTIC: [8] Undefined offset: 11 D:\WebRoot\hmsyxx\Hemei\Home\Controller\PublicController.class.php 第 80 行.
NOTIC: [8] Undefined offset: 15 D:\WebRoot\hmsyxx\Hemei\Home\Controller\PublicController.class.php 第 80 行.
SQL: SHOW COLUMNS FROM `hemei_news` [ RunTime:0.0000s ]
SQL: SHOW COLUMNS FROM `hemei_news` [ RunTime:0.0000s ]
SQL: SELECT * FROM `hemei_news` WHERE `status` = 0 AND `cid` = 3 ORDER BY oid DESC,posttime ASC LIMIT 1,6   [ RunTime:0.0000s ]
SQL: SELECT * FROM `hemei_news` WHERE `cid` = 3 AND `status` = 0 ORDER BY oid DESC LIMIT 1   [ RunTime:0.0000s ]
SQL: SELECT * FROM `hemei_news` WHERE `status` = 0 AND `cid` = 4 ORDER BY oid DESC,posttime ASC LIMIT 0,6   [ RunTime:0.0000s ]
SQL: SELECT * FROM `hemei_news` WHERE `status` = 0 AND `cid` = 1 ORDER BY oid DESC,posttime ASC LIMIT 1,10   [ RunTime:0.0000s ]
SQL: SELECT * FROM `hemei_news` WHERE `cid` = 1 AND `status` = 0 ORDER BY oid DESC LIMIT 1   [ RunTime:0.0000s ]
INFO: [ view_parse ] --START--
INFO: [ template_filter ] --START--
INFO: Run Behavior\ContentReplaceBehavior [ RunTime:0.000000s ]
INFO: [ template_filter ] --END-- [ RunTime:0.000000s ]
NOTIC: [8] Undefined variable: page_title D:\WebRoot\hmsyxx\Hemei\Runtime\Cache\Home\5036fb87e9eadcb684563d648053b2c6.php 第 8 行.
NOTIC: [8] Use of undefined constant uri - assumed 'uri' D:\WebRoot\hmsyxx\Hemei\Runtime\Cache\Home\5036fb87e9eadcb684563d648053b2c6.php 第 103 行.
NOTIC: [8] Use of undefined constant uri - assumed 'uri' D:\WebRoot\hmsyxx\Hemei\Runtime\Cache\Home\5036fb87e9eadcb684563d648053b2c6.php 第 103 行.
NOTIC: [8] Use of undefined constant uri - assumed 'uri' D:\WebRoot\hmsyxx\Hemei\Runtime\Cache\Home\5036fb87e9eadcb684563d648053b2c6.php 第 103 行.
NOTIC: [8] Use of undefined constant uri - assumed 'uri' D:\WebRoot\hmsyxx\Hemei\Runtime\Cache\Home\5036fb87e9eadcb684563d648053b2c6.php 第 103 行.
NOTIC: [8] Use of undefined constant uri - assumed 'uri' D:\WebRoot\hmsyxx\Hemei\Runtime\Cache\Home\5036fb87e9eadcb684563d648053b2c6.php 第 103 行.
NOTIC: [8] Undefined index: image D:\WebRoot\hmsyxx\Hemei\Runtime\Cache\Home\5036fb87e9eadcb684563d648053b2c6.php 第 126 行.
INFO: Run Behavior\ParseTemplateBehavior [ RunTime:0.031200s ]
INFO: [ view_parse ] --END-- [ RunTime:0.031200s ]
INFO: [ view_filter ] --START--
INFO: Run Behavior\WriteHtmlCacheBehavior [ RunTime:0.000000s ]
INFO: [ view_filter ] --END-- [ RunTime:0.000000s ]
INFO: [ app_end ] --START--
INFO: Run Behavior\ShowPageTraceBehavior [ RunTime:0.000000s ]
INFO: [ app_end ] --END-- [ RunTime:0.000000s ]

[ 2016-04-14T04:33:58+08:00 ] 127.0.0.1 /
INFO: [ app_init ] --START--
INFO: Run Behavior\BuildLiteBehavior [ RunTime:0.000000s ]
INFO: [ app_init ] --END-- [ RunTime:0.000000s ]
INFO: [ app_begin ] --START--
INFO: Run Behavior\ReadHtmlCacheBehavior [ RunTime:0.000000s ]
INFO: [ app_begin ] --END-- [ RunTime:0.000000s ]
SQL: SHOW COLUMNS FROM `hemei_sets` [ RunTime:0.0000s ]
SQL: SHOW COLUMNS FROM `hemei_sets` [ RunTime:0.0000s ]
SQL: SELECT * FROM `hemei_sets`  [ RunTime:0.0156s ]
SQL: SHOW COLUMNS FROM `hemei_notice` [ RunTime:0.0000s ]
SQL: SHOW COLUMNS FROM `hemei_notice` [ RunTime:0.0000s ]
SQL: SELECT * FROM `hemei_notice` WHERE `status` = 1 AND `top` = 1 ORDER BY oid ASC,id DESC LIMIT 1   [ RunTime:0.0000s ]
SQL: SELECT * FROM `hemei_notice` WHERE `status` = 1 AND `top` = 0 ORDER BY oid ASC LIMIT 20   [ RunTime:0.0156s ]
SQL: SHOW COLUMNS FROM `hemei_nav` [ RunTime:0.0000s ]
SQL: SHOW COLUMNS FROM `hemei_nav` [ RunTime:0.0000s ]
SQL: SELECT * FROM `hemei_nav` WHERE `status` = 1 AND `type` = 1 ORDER BY oid ASC LIMIT 7   [ RunTime:0.0000s ]
SQL: SHOW COLUMNS FROM `hemei_links` [ RunTime:0.0156s ]
SQL: SHOW COLUMNS FROM `hemei_links` [ RunTime:0.0000s ]
SQL: SELECT * FROM `hemei_links` WHERE `status` = 1 ORDER BY oid ASC LIMIT 16   [ RunTime:0.0000s ]
NOTIC: [8] Undefined offset: 8 D:\WebRoot\hmsyxx\Hemei\Home\Controller\PublicController.class.php 第 80 行.
NOTIC: [8] Undefined offset: 12 D:\WebRoot\hmsyxx\Hemei\Home\Controller\PublicController.class.php 第 80 行.
NOTIC: [8] Undefined offset: 9 D:\WebRoot\hmsyxx\Hemei\Home\Controller\PublicController.class.php 第 80 行.
NOTIC: [8] Undefined offset: 13 D:\WebRoot\hmsyxx\Hemei\Home\Controller\PublicController.class.php 第 80 行.
NOTIC: [8] Undefined offset: 10 D:\WebRoot\hmsyxx\Hemei\Home\Controller\PublicController.class.php 第 80 行.
NOTIC: [8] Undefined offset: 14 D:\WebRoot\hmsyxx\Hemei\Home\Controller\PublicController.class.php 第 80 行.
NOTIC: [8] Undefined offset: 7 D:\WebRoot\hmsyxx\Hemei\Home\Controller\PublicController.class.php 第 80 行.
NOTIC: [8] Undefined offset: 11 D:\WebRoot\hmsyxx\Hemei\Home\Controller\PublicController.class.php 第 80 行.
NOTIC: [8] Undefined offset: 15 D:\WebRoot\hmsyxx\Hemei\Home\Controller\PublicController.class.php 第 80 行.
SQL: SHOW COLUMNS FROM `hemei_news` [ RunTime:0.0000s ]
SQL: SHOW COLUMNS FROM `hemei_news` [ RunTime:0.0156s ]
SQL: SELECT * FROM `hemei_news` WHERE `status` = 0 AND `cid` = 3 ORDER BY oid DESC,posttime ASC LIMIT 1,6   [ RunTime:0.0000s ]
SQL: SELECT * FROM `hemei_news` WHERE `cid` = 3 AND `status` = 0 ORDER BY oid DESC LIMIT 1   [ RunTime:0.0000s ]
SQL: SELECT * FROM `hemei_news` WHERE `status` = 0 AND `cid` = 4 ORDER BY oid DESC,posttime ASC LIMIT 0,6   [ RunTime:0.0000s ]
SQL: SELECT * FROM `hemei_news` WHERE `status` = 0 AND `cid` = 1 ORDER BY oid DESC,posttime ASC LIMIT 1,10   [ RunTime:0.0000s ]
SQL: SELECT * FROM `hemei_news` WHERE `cid` = 1 AND `status` = 0 ORDER BY oid DESC LIMIT 1   [ RunTime:0.0000s ]
INFO: [ view_parse ] --START--
INFO: [ template_filter ] --START--
INFO: Run Behavior\ContentReplaceBehavior [ RunTime:0.000000s ]
INFO: [ template_filter ] --END-- [ RunTime:0.000000s ]
NOTIC: [8] Undefined variable: page_title D:\WebRoot\hmsyxx\Hemei\Runtime\Cache\Home\5036fb87e9eadcb684563d648053b2c6.php 第 8 行.
NOTIC: [8] Use of undefined constant uri - assumed 'uri' D:\WebRoot\hmsyxx\Hemei\Runtime\Cache\Home\5036fb87e9eadcb684563d648053b2c6.php 第 103 行.
NOTIC: [8] Use of undefined constant uri - assumed 'uri' D:\WebRoot\hmsyxx\Hemei\Runtime\Cache\Home\5036fb87e9eadcb684563d648053b2c6.php 第 103 行.
NOTIC: [8] Use of undefined constant uri - assumed 'uri' D:\WebRoot\hmsyxx\Hemei\Runtime\Cache\Home\5036fb87e9eadcb684563d648053b2c6.php 第 103 行.
NOTIC: [8] Use of undefined constant uri - assumed 'uri' D:\WebRoot\hmsyxx\Hemei\Runtime\Cache\Home\5036fb87e9eadcb684563d648053b2c6.php 第 103 行.
NOTIC: [8] Use of undefined constant uri - assumed 'uri' D:\WebRoot\hmsyxx\Hemei\Runtime\Cache\Home\5036fb87e9eadcb684563d648053b2c6.php 第 103 行.
NOTIC: [8] Undefined index: image D:\WebRoot\hmsyxx\Hemei\Runtime\Cache\Home\5036fb87e9eadcb684563d648053b2c6.php 第 126 行.
INFO: Run Behavior\ParseTemplateBehavior [ RunTime:0.031200s ]
INFO: [ view_parse ] --END-- [ RunTime:0.031200s ]
INFO: [ view_filter ] --START--
INFO: Run Behavior\WriteHtmlCacheBehavior [ RunTime:0.000000s ]
INFO: [ view_filter ] --END-- [ RunTime:0.000000s ]
INFO: [ app_end ] --START--
INFO: Run Behavior\ShowPageTraceBehavior [ RunTime:0.000000s ]
INFO: [ app_end ] --END-- [ RunTime:0.000000s ]

[ 2016-04-14T04:34:05+08:00 ] 127.0.0.1 /
INFO: [ app_init ] --START--
INFO: Run Behavior\BuildLiteBehavior [ RunTime:0.000000s ]
INFO: [ app_init ] --END-- [ RunTime:0.000000s ]
INFO: [ app_begin ] --START--
INFO: Run Behavior\ReadHtmlCacheBehavior [ RunTime:0.000000s ]
INFO: [ app_begin ] --END-- [ RunTime:0.000000s ]
SQL: SHOW COLUMNS FROM `hemei_sets` [ RunTime:0.0000s ]
SQL: SHOW COLUMNS FROM `hemei_sets` [ RunTime:0.0000s ]
SQL: SELECT * FROM `hemei_sets`  [ RunTime:0.0000s ]
SQL: SHOW COLUMNS FROM `hemei_notice` [ RunTime:0.0156s ]
SQL: SHOW COLUMNS FROM `hemei_notice` [ RunTime:0.0000s ]
SQL: SELECT * FROM `hemei_notice` WHERE `status` = 1 AND `top` = 1 ORDER BY oid ASC,id DESC LIMIT 1   [ RunTime:0.0000s ]
SQL: SELECT * FROM `hemei_notice` WHERE `status` = 1 AND `top` = 0 ORDER BY oid ASC LIMIT 20   [ RunTime:0.0000s ]
SQL: SHOW COLUMNS FROM `hemei_nav` [ RunTime:0.0000s ]
SQL: SHOW COLUMNS FROM `hemei_nav` [ RunTime:0.0156s ]
SQL: SELECT * FROM `hemei_nav` WHERE `status` = 1 AND `type` = 1 ORDER BY oid ASC LIMIT 7   [ RunTime:0.0000s ]
SQL: SHOW COLUMNS FROM `hemei_links` [ RunTime:0.0000s ]
SQL: SHOW COLUMNS FROM `hemei_links` [ RunTime:0.0156s ]
SQL: SELECT * FROM `hemei_links` WHERE `status` = 1 ORDER BY oid ASC LIMIT 16   [ RunTime:0.0000s ]
NOTIC: [8] Undefined offset: 8 D:\WebRoot\hmsyxx\Hemei\Home\Controller\PublicController.class.php 第 80 行.
NOTIC: [8] Undefined offset: 12 D:\WebRoot\hmsyxx\Hemei\Home\Controller\PublicController.class.php 第 80 行.
NOTIC: [8] Undefined offset: 9 D:\WebRoot\hmsyxx\Hemei\Home\Controller\PublicController.class.php 第 80 行.
NOTIC: [8] Undefined offset: 13 D:\WebRoot\hmsyxx\Hemei\Home\Controller\PublicController.class.php 第 80 行.
NOTIC: [8] Undefined offset: 10 D:\WebRoot\hmsyxx\Hemei\Home\Controller\PublicController.class.php 第 80 行.
NOTIC: [8] Undefined offset: 14 D:\WebRoot\hmsyxx\Hemei\Home\Controller\PublicController.class.php 第 80 行.
NOTIC: [8] Undefined offset: 7 D:\WebRoot\hmsyxx\Hemei\Home\Controller\PublicController.class.php 第 80 行.
NOTIC: [8] Undefined offset: 11 D:\WebRoot\hmsyxx\Hemei\Home\Controller\PublicController.class.php 第 80 行.
NOTIC: [8] Undefined offset: 15 D:\WebRoot\hmsyxx\Hemei\Home\Controller\PublicController.class.php 第 80 行.
SQL: SHOW COLUMNS FROM `hemei_news` [ RunTime:0.0000s ]
SQL: SHOW COLUMNS FROM `hemei_news` [ RunTime:0.0156s ]
SQL: SELECT * FROM `hemei_news` WHERE `status` = 0 AND `cid` = 3 ORDER BY oid DESC,posttime ASC LIMIT 1,6   [ RunTime:0.0000s ]
SQL: SELECT * FROM `hemei_news` WHERE `cid` = 3 AND `status` = 0 ORDER BY oid DESC LIMIT 1   [ RunTime:0.0000s ]
SQL: SELECT * FROM `hemei_news` WHERE `status` = 0 AND `cid` = 4 ORDER BY oid DESC,posttime ASC LIMIT 0,6   [ RunTime:0.0000s ]
SQL: SELECT * FROM `hemei_news` WHERE `status` = 0 AND `cid` = 1 ORDER BY oid DESC,posttime ASC LIMIT 1,10   [ RunTime:0.0000s ]
SQL: SELECT * FROM `hemei_news` WHERE `cid` = 1 AND `status` = 0 ORDER BY oid DESC LIMIT 1   [ RunTime:0.0000s ]
INFO: [ view_parse ] --START--
INFO: [ template_filter ] --START--
INFO: Run Behavior\ContentReplaceBehavior [ RunTime:0.000000s ]
INFO: [ template_filter ] --END-- [ RunTime:0.000000s ]
NOTIC: [8] Undefined variable: page_title D:\WebRoot\hmsyxx\Hemei\Runtime\Cache\Home\5036fb87e9eadcb684563d648053b2c6.php 第 8 行.
NOTIC: [8] Use of undefined constant uri - assumed 'uri' D:\WebRoot\hmsyxx\Hemei\Runtime\Cache\Home\5036fb87e9eadcb684563d648053b2c6.php 第 103 行.
NOTIC: [8] Use of undefined constant uri - assumed 'uri' D:\WebRoot\hmsyxx\Hemei\Runtime\Cache\Home\5036fb87e9eadcb684563d648053b2c6.php 第 103 行.
NOTIC: [8] Use of undefined constant uri - assumed 'uri' D:\WebRoot\hmsyxx\Hemei\Runtime\Cache\Home\5036fb87e9eadcb684563d648053b2c6.php 第 103 行.
NOTIC: [8] Use of undefined constant uri - assumed 'uri' D:\WebRoot\hmsyxx\Hemei\Runtime\Cache\Home\5036fb87e9eadcb684563d648053b2c6.php 第 103 行.
NOTIC: [8] Use of undefined constant uri - assumed 'uri' D:\WebRoot\hmsyxx\Hemei\Runtime\Cache\Home\5036fb87e9eadcb684563d648053b2c6.php 第 103 行.
NOTIC: [8] Undefined index: image D:\WebRoot\hmsyxx\Hemei\Runtime\Cache\Home\5036fb87e9eadcb684563d648053b2c6.php 第 126 行.
INFO: Run Behavior\ParseTemplateBehavior [ RunTime:0.031200s ]
INFO: [ view_parse ] --END-- [ RunTime:0.031200s ]
INFO: [ view_filter ] --START--
INFO: Run Behavior\WriteHtmlCacheBehavior [ RunTime:0.000000s ]
INFO: [ view_filter ] --END-- [ RunTime:0.000000s ]
INFO: [ app_end ] --START--
INFO: Run Behavior\ShowPageTraceBehavior [ RunTime:0.000000s ]
INFO: [ app_end ] --END-- [ RunTime:0.000000s ]

[ 2016-04-14T10:02:49+08:00 ] 127.0.0.1 /Home/Article/index/newsid/4.html
INFO: [ app_init ] --START--
INFO: Run Behavior\BuildLiteBehavior [ RunTime:0.000000s ]
INFO: [ app_init ] --END-- [ RunTime:0.000000s ]
INFO: [ app_begin ] --START--
INFO: Run Behavior\ReadHtmlCacheBehavior [ RunTime:0.000000s ]
INFO: [ app_begin ] --END-- [ RunTime:0.000000s ]
SQL: SHOW COLUMNS FROM `hemei_sets` [ RunTime:0.0156s ]
SQL: SHOW COLUMNS FROM `hemei_sets` [ RunTime:0.0000s ]
SQL: SELECT * FROM `hemei_sets`  [ RunTime:0.0000s ]
SQL: SHOW COLUMNS FROM `hemei_nav` [ RunTime:0.0000s ]
SQL: SHOW COLUMNS FROM `hemei_nav` [ RunTime:0.0156s ]
SQL: SELECT * FROM `hemei_nav` WHERE `status` = 1 AND `type` = 1 ORDER BY oid ASC LIMIT 7   [ RunTime:0.0000s ]
SQL: SHOW COLUMNS FROM `hemei_links` [ RunTime:0.0000s ]
SQL: SHOW COLUMNS FROM `hemei_links` [ RunTime:0.0000s ]
SQL: SELECT * FROM `hemei_links` WHERE `status` = 1 ORDER BY oid ASC LIMIT 16   [ RunTime:0.0000s ]
NOTIC: [8] Undefined offset: 8 D:\WebRoot\hmsyxx\Hemei\Home\Controller\PublicController.class.php 第 80 行.
NOTIC: [8] Undefined offset: 12 D:\WebRoot\hmsyxx\Hemei\Home\Controller\PublicController.class.php 第 80 行.
NOTIC: [8] Undefined offset: 9 D:\WebRoot\hmsyxx\Hemei\Home\Controller\PublicController.class.php 第 80 行.
NOTIC: [8] Undefined offset: 13 D:\WebRoot\hmsyxx\Hemei\Home\Controller\PublicController.class.php 第 80 行.
NOTIC: [8] Undefined offset: 10 D:\WebRoot\hmsyxx\Hemei\Home\Controller\PublicController.class.php 第 80 行.
NOTIC: [8] Undefined offset: 14 D:\WebRoot\hmsyxx\Hemei\Home\Controller\PublicController.class.php 第 80 行.
NOTIC: [8] Undefined offset: 7 D:\WebRoot\hmsyxx\Hemei\Home\Controller\PublicController.class.php 第 80 行.
NOTIC: [8] Undefined offset: 11 D:\WebRoot\hmsyxx\Hemei\Home\Controller\PublicController.class.php 第 80 行.
NOTIC: [8] Undefined offset: 15 D:\WebRoot\hmsyxx\Hemei\Home\Controller\PublicController.class.php 第 80 行.
NOTIC: [8] Undefined index: nav D:\WebRoot\hmsyxx\Hemei\Home\Controller\ArticleController.class.php 第 20 行.
NOTIC: [8] Undefined index: cid D:\WebRoot\hmsyxx\Hemei\Home\Controller\ArticleController.class.php 第 25 行.
NOTIC: [8] Undefined index: nav D:\WebRoot\hmsyxx\Hemei\Home\Controller\ArticleController.class.php 第 29 行.
SQL: SHOW COLUMNS FROM `hemei_category` [ RunTime:0.0000s ]
SQL: SHOW COLUMNS FROM `hemei_category` [ RunTime:0.0000s ]
SQL: SELECT * FROM `hemei_category` WHERE `nid` = null ORDER BY oid ASC LIMIT 1   [ RunTime:0.0000s ]
SQL: SELECT * FROM `hemei_nav` WHERE `id` = 8 LIMIT 1   [ RunTime:0.0000s ]
SQL: SELECT * FROM `hemei_category` WHERE `status` = 1 AND `nid` = 8 AND `pid` = 0 ORDER BY oid ASC  [ RunTime:0.0000s ]
SQL: SELECT * FROM `hemei_category` WHERE `status` = 1 AND `pid` = 1 ORDER BY oid ASC  [ RunTime:0.0000s ]
SQL: SELECT * FROM `hemei_category` WHERE `status` = 1 AND `pid` = 2 ORDER BY oid ASC  [ RunTime:0.0000s ]
SQL: SELECT * FROM `hemei_category` WHERE `status` = 1 AND `pid` = 3 ORDER BY oid ASC  [ RunTime:0.0156s ]
SQL: SELECT * FROM `hemei_category` WHERE `status` = 1 AND `pid` = 4 ORDER BY oid ASC  [ RunTime:0.0000s ]
SQL: SELECT * FROM `hemei_category` WHERE `status` = 1 AND `pid` = 5 ORDER BY oid ASC  [ RunTime:0.0000s ]
SQL: SHOW COLUMNS FROM `hemei_news` [ RunTime:0.0000s ]
SQL: SHOW COLUMNS FROM `hemei_news` [ RunTime:0.0000s ]
SQL: SELECT * FROM `hemei_news` WHERE `id` = 4 LIMIT 1   [ RunTime:0.0000s ]
SQL: SELECT * FROM `hemei_category` WHERE `id` = 3 ORDER BY oid ASC LIMIT 1   [ RunTime:0.0000s ]
INFO: [ view_parse ] --START--
INFO: [ template_filter ] --START--
INFO: Run Behavior\ContentReplaceBehavior [ RunTime:0.000000s ]
INFO: [ template_filter ] --END-- [ RunTime:0.000000s ]
INFO: Run Behavior\ParseTemplateBehavior [ RunTime:0.046800s ]
INFO: [ view_parse ] --END-- [ RunTime:0.046800s ]
INFO: [ view_filter ] --START--
INFO: Run Behavior\WriteHtmlCacheBehavior [ RunTime:0.000000s ]
INFO: [ view_filter ] --END-- [ RunTime:0.000000s ]
INFO: [ app_end ] --START--
INFO: Run Behavior\ShowPageTraceBehavior [ RunTime:0.000000s ]
INFO: [ app_end ] --END-- [ RunTime:0.000000s ]

[ 2016-04-14T11:14:45+08:00 ] 127.0.0.1 /Home/Article/index/nav/5.html
INFO: [ app_init ] --START--
INFO: Run Behavior\BuildLiteBehavior [ RunTime:0.000000s ]
INFO: [ app_init ] --END-- [ RunTime:0.000000s ]
INFO: [ app_begin ] --START--
INFO: Run Behavior\ReadHtmlCacheBehavior [ RunTime:0.000000s ]
INFO: [ app_begin ] --END-- [ RunTime:0.000000s ]
SQL: SHOW COLUMNS FROM `hemei_sets` [ RunTime:0.0000s ]
SQL: SHOW COLUMNS FROM `hemei_sets` [ RunTime:0.0000s ]
SQL: SELECT * FROM `hemei_sets`  [ RunTime:0.0000s ]
SQL: SHOW COLUMNS FROM `hemei_nav` [ RunTime:0.0000s ]
SQL: SHOW COLUMNS FROM `hemei_nav` [ RunTime:0.0000s ]
SQL: SELECT * FROM `hemei_nav` WHERE `status` = 1 AND `type` = 1 ORDER BY oid ASC LIMIT 7   [ RunTime:0.0000s ]
SQL: SHOW COLUMNS FROM `hemei_links` [ RunTime:0.0156s ]
SQL: SHOW COLUMNS FROM `hemei_links` [ RunTime:0.0000s ]
SQL: SELECT * FROM `hemei_links` WHERE `status` = 1 ORDER BY oid ASC LIMIT 16   [ RunTime:0.0000s ]
NOTIC: [8] Undefined offset: 8 D:\WebRoot\hmsyxx\Hemei\Home\Controller\PublicController.class.php 第 80 行.
NOTIC: [8] Undefined offset: 12 D:\WebRoot\hmsyxx\Hemei\Home\Controller\PublicController.class.php 第 80 行.
NOTIC: [8] Undefined offset: 9 D:\WebRoot\hmsyxx\Hemei\Home\Controller\PublicController.class.php 第 80 行.
NOTIC: [8] Undefined offset: 13 D:\WebRoot\hmsyxx\Hemei\Home\Controller\PublicController.class.php 第 80 行.
NOTIC: [8] Undefined offset: 10 D:\WebRoot\hmsyxx\Hemei\Home\Controller\PublicController.class.php 第 80 行.
NOTIC: [8] Undefined offset: 14 D:\WebRoot\hmsyxx\Hemei\Home\Controller\PublicController.class.php 第 80 行.
NOTIC: [8] Undefined offset: 7 D:\WebRoot\hmsyxx\Hemei\Home\Controller\PublicController.class.php 第 80 行.
NOTIC: [8] Undefined offset: 11 D:\WebRoot\hmsyxx\Hemei\Home\Controller\PublicController.class.php 第 80 行.
NOTIC: [8] Undefined offset: 15 D:\WebRoot\hmsyxx\Hemei\Home\Controller\PublicController.class.php 第 80 行.
NOTIC: [8] Undefined index: cid D:\WebRoot\hmsyxx\Hemei\Home\Controller\ArticleController.class.php 第 25 行.
SQL: SHOW COLUMNS FROM `hemei_category` [ RunTime:0.0000s ]
SQL: SHOW COLUMNS FROM `hemei_category` [ RunTime:0.0156s ]
SQL: SELECT * FROM `hemei_category` WHERE `nid` = 5 ORDER BY oid ASC LIMIT 1   [ RunTime:0.0000s ]
SQL: SELECT * FROM `hemei_nav` WHERE `id` = 5 LIMIT 1   [ RunTime:0.0000s ]
SQL: SELECT * FROM `hemei_category` WHERE `status` = 1 AND `nid` = 5 AND `pid` = 0 ORDER BY oid ASC  [ RunTime:0.0000s ]
SQL: SELECT * FROM `hemei_category` WHERE `status` = 1 AND `pid` = 19 ORDER BY oid ASC  [ RunTime:0.0000s ]
SQL: SELECT * FROM `hemei_category` WHERE `status` = 1 AND `pid` = 20 ORDER BY oid ASC  [ RunTime:0.0000s ]
SQL: SELECT * FROM `hemei_category` WHERE `status` = 1 AND `pid` = 21 ORDER BY oid ASC  [ RunTime:0.0000s ]
SQL: SELECT * FROM `hemei_category` WHERE `status` = 1 AND `pid` = 22 ORDER BY oid ASC  [ RunTime:0.0000s ]
SQL: SHOW COLUMNS FROM `hemei_news` [ RunTime:0.0000s ]
SQL: SHOW COLUMNS FROM `hemei_news` [ RunTime:0.0156s ]
NOTIC: [8] Undefined index: limit D:\WebRoot\hmsyxx\ThinkPHP\Library\Think\Db\Driver.class.php 第 950 行.
SQL: SELECT * FROM `hemei_news` WHERE `status` = 0 AND `cid` = 19 ORDER BY oid DESC,posttime ASC LIMIT 0,20   [ RunTime:0.0000s ]
SQL: SELECT COUNT(*) AS tp_count FROM `hemei_news` WHERE `status` = 0 AND `cid` = 19 LIMIT 1   [ RunTime:0.0000s ]
INFO: [ view_parse ] --START--
INFO: [ template_filter ] --START--
INFO: Run Behavior\ContentReplaceBehavior [ RunTime:0.000000s ]
INFO: [ template_filter ] --END-- [ RunTime:0.000000s ]
INFO: Run Behavior\ParseTemplateBehavior [ RunTime:0.046800s ]
INFO: [ view_parse ] --END-- [ RunTime:0.046800s ]
INFO: [ view_filter ] --START--
INFO: Run Behavior\WriteHtmlCacheBehavior [ RunTime:0.000000s ]
INFO: [ view_filter ] --END-- [ RunTime:0.000000s ]
INFO: [ app_end ] --START--
INFO: Run Behavior\ShowPageTraceBehavior [ RunTime:0.000000s ]
INFO: [ app_end ] --END-- [ RunTime:0.000000s ]

[ 2016-04-14T12:51:07+08:00 ] ::1 /Home/Article/index/nav/5.html
INFO: [ app_init ] --START--
INFO: Run Behavior\BuildLiteBehavior [ RunTime:0.000000s ]
INFO: [ app_init ] --END-- [ RunTime:0.001000s ]
INFO: [ app_begin ] --START--
INFO: Run Behavior\ReadHtmlCacheBehavior [ RunTime:0.000000s ]
INFO: [ app_begin ] --END-- [ RunTime:0.001000s ]
SQL: SHOW COLUMNS FROM `hemei_sets` [ RunTime:0.0080s ]
SQL: SHOW COLUMNS FROM `hemei_sets` [ RunTime:0.0060s ]
SQL: SELECT * FROM `hemei_sets`  [ RunTime:0.0010s ]
SQL: SHOW COLUMNS FROM `hemei_nav` [ RunTime:0.0050s ]
SQL: SHOW COLUMNS FROM `hemei_nav` [ RunTime:0.0050s ]
SQL: SELECT * FROM `hemei_nav` WHERE `status` = 1 AND `type` = 1 ORDER BY oid ASC LIMIT 7   [ RunTime:0.0010s ]
SQL: SHOW COLUMNS FROM `hemei_links` [ RunTime:0.0050s ]
SQL: SHOW COLUMNS FROM `hemei_links` [ RunTime:0.0050s ]
SQL: SELECT * FROM `hemei_links` WHERE `status` = 1 ORDER BY oid ASC LIMIT 16   [ RunTime:0.0010s ]
NOTIC: [8] Undefined offset: 8 D:\WebRoot\hmsyxx\Hemei\Home\Controller\PublicController.class.php 第 80 行.
NOTIC: [8] Undefined offset: 12 D:\WebRoot\hmsyxx\Hemei\Home\Controller\PublicController.class.php 第 80 行.
NOTIC: [8] Undefined offset: 9 D:\WebRoot\hmsyxx\Hemei\Home\Controller\PublicController.class.php 第 80 行.
NOTIC: [8] Undefined offset: 13 D:\WebRoot\hmsyxx\Hemei\Home\Controller\PublicController.class.php 第 80 行.
NOTIC: [8] Undefined offset: 10 D:\WebRoot\hmsyxx\Hemei\Home\Controller\PublicController.class.php 第 80 行.
NOTIC: [8] Undefined offset: 14 D:\WebRoot\hmsyxx\Hemei\Home\Controller\PublicController.class.php 第 80 行.
NOTIC: [8] Undefined offset: 7 D:\WebRoot\hmsyxx\Hemei\Home\Controller\PublicController.class.php 第 80 行.
NOTIC: [8] Undefined offset: 11 D:\WebRoot\hmsyxx\Hemei\Home\Controller\PublicController.class.php 第 80 行.
NOTIC: [8] Undefined offset: 15 D:\WebRoot\hmsyxx\Hemei\Home\Controller\PublicController.class.php 第 80 行.
NOTIC: [8] Undefined index: cid D:\WebRoot\hmsyxx\Hemei\Home\Controller\ArticleController.class.php 第 25 行.
SQL: SHOW COLUMNS FROM `hemei_category` [ RunTime:0.0080s ]
SQL: SHOW COLUMNS FROM `hemei_category` [ RunTime:0.0050s ]
SQL: SELECT * FROM `hemei_category` WHERE `nid` = 5 ORDER BY oid ASC LIMIT 1   [ RunTime:0.0000s ]
SQL: SELECT * FROM `hemei_nav` WHERE `id` = 5 LIMIT 1   [ RunTime:0.0010s ]
SQL: SELECT * FROM `hemei_category` WHERE `status` = 1 AND `nid` = 5 AND `pid` = 0 ORDER BY oid ASC  [ RunTime:0.0010s ]
SQL: SELECT * FROM `hemei_category` WHERE `status` = 1 AND `pid` = 19 ORDER BY oid ASC  [ RunTime:0.0000s ]
SQL: SELECT * FROM `hemei_category` WHERE `status` = 1 AND `pid` = 20 ORDER BY oid ASC  [ RunTime:0.0000s ]
SQL: SELECT * FROM `hemei_category` WHERE `status` = 1 AND `pid` = 21 ORDER BY oid ASC  [ RunTime:0.0000s ]
SQL: SELECT * FROM `hemei_category` WHERE `status` = 1 AND `pid` = 22 ORDER BY oid ASC  [ RunTime:0.0000s ]
SQL: SHOW COLUMNS FROM `hemei_news` [ RunTime:0.0040s ]
SQL: SHOW COLUMNS FROM `hemei_news` [ RunTime:0.0040s ]
NOTIC: [8] Undefined index: limit D:\WebRoot\hmsyxx\ThinkPHP\Library\Think\Db\Driver.class.php 第 950 行.
SQL: SELECT * FROM `hemei_news` WHERE `status` = 0 AND `cid` = 19 ORDER BY oid DESC,posttime ASC LIMIT 0,20   [ RunTime:0.0000s ]
SQL: SELECT COUNT(*) AS tp_count FROM `hemei_news` WHERE `status` = 0 AND `cid` = 19 LIMIT 1   [ RunTime:0.0000s ]
INFO: [ view_parse ] --START--
INFO: [ template_filter ] --START--
INFO: Run Behavior\ContentReplaceBehavior [ RunTime:0.000000s ]
INFO: [ template_filter ] --END-- [ RunTime:0.000000s ]
INFO: Run Behavior\ParseTemplateBehavior [ RunTime:0.045002s ]
INFO: [ view_parse ] --END-- [ RunTime:0.045002s ]
INFO: [ view_filter ] --START--
INFO: Run Behavior\WriteHtmlCacheBehavior [ RunTime:0.001000s ]
INFO: [ view_filter ] --END-- [ RunTime:0.001000s ]
INFO: [ app_end ] --START--
INFO: Run Behavior\ShowPageTraceBehavior [ RunTime:0.002000s ]
INFO: [ app_end ] --END-- [ RunTime:0.002000s ]

[ 2016-04-14T12:51:10+08:00 ] ::1 /Home/Article/index/nav/5.html
INFO: [ app_init ] --START--
INFO: Run Behavior\BuildLiteBehavior [ RunTime:0.000000s ]
INFO: [ app_init ] --END-- [ RunTime:0.000000s ]
INFO: [ app_begin ] --START--
INFO: Run Behavior\ReadHtmlCacheBehavior [ RunTime:0.000000s ]
INFO: [ app_begin ] --END-- [ RunTime:0.000000s ]
SQL: SHOW COLUMNS FROM `hemei_sets` [ RunTime:0.0080s ]
SQL: SHOW COLUMNS FROM `hemei_sets` [ RunTime:0.0050s ]
SQL: SELECT * FROM `hemei_sets`  [ RunTime:0.0000s ]
SQL: SHOW COLUMNS FROM `hemei_nav` [ RunTime:0.0050s ]
SQL: SHOW COLUMNS FROM `hemei_nav` [ RunTime:0.0040s ]
SQL: SELECT * FROM `hemei_nav` WHERE `status` = 1 AND `type` = 1 ORDER BY oid ASC LIMIT 7   [ RunTime:0.0010s ]
SQL: SHOW COLUMNS FROM `hemei_links` [ RunTime:0.0060s ]
SQL: SHOW COLUMNS FROM `hemei_links` [ RunTime:0.0050s ]
SQL: SELECT * FROM `hemei_links` WHERE `status` = 1 ORDER BY oid ASC LIMIT 16   [ RunTime:0.0010s ]
NOTIC: [8] Undefined offset: 8 D:\WebRoot\hmsyxx\Hemei\Home\Controller\PublicController.class.php 第 80 行.
NOTIC: [8] Undefined offset: 12 D:\WebRoot\hmsyxx\Hemei\Home\Controller\PublicController.class.php 第 80 行.
NOTIC: [8] Undefined offset: 9 D:\WebRoot\hmsyxx\Hemei\Home\Controller\PublicController.class.php 第 80 行.
NOTIC: [8] Undefined offset: 13 D:\WebRoot\hmsyxx\Hemei\Home\Controller\PublicController.class.php 第 80 行.
NOTIC: [8] Undefined offset: 10 D:\WebRoot\hmsyxx\Hemei\Home\Controller\PublicController.class.php 第 80 行.
NOTIC: [8] Undefined offset: 14 D:\WebRoot\hmsyxx\Hemei\Home\Controller\PublicController.class.php 第 80 行.
NOTIC: [8] Undefined offset: 7 D:\WebRoot\hmsyxx\Hemei\Home\Controller\PublicController.class.php 第 80 行.
NOTIC: [8] Undefined offset: 11 D:\WebRoot\hmsyxx\Hemei\Home\Controller\PublicController.class.php 第 80 行.
NOTIC: [8] Undefined offset: 15 D:\WebRoot\hmsyxx\Hemei\Home\Controller\PublicController.class.php 第 80 行.
NOTIC: [8] Undefined index: cid D:\WebRoot\hmsyxx\Hemei\Home\Controller\ArticleController.class.php 第 25 行.
SQL: SHOW COLUMNS FROM `hemei_category` [ RunTime:0.0080s ]
SQL: SHOW COLUMNS FROM `hemei_category` [ RunTime:0.0060s ]
SQL: SELECT * FROM `hemei_category` WHERE `nid` = 5 ORDER BY oid ASC LIMIT 1   [ RunTime:0.0000s ]
SQL: SELECT * FROM `hemei_nav` WHERE `id` = 5 LIMIT 1   [ RunTime:0.0000s ]
SQL: SELECT * FROM `hemei_category` WHERE `status` = 1 AND `nid` = 5 AND `pid` = 0 ORDER BY oid ASC  [ RunTime:0.0000s ]
SQL: SELECT * FROM `hemei_category` WHERE `status` = 1 AND `pid` = 19 ORDER BY oid ASC  [ RunTime:0.0010s ]
SQL: SELECT * FROM `hemei_category` WHERE `status` = 1 AND `pid` = 20 ORDER BY oid ASC  [ RunTime:0.0010s ]
SQL: SELECT * FROM `hemei_category` WHERE `status` = 1 AND `pid` = 21 ORDER BY oid ASC  [ RunTime:0.0000s ]
SQL: SELECT * FROM `hemei_category` WHERE `status` = 1 AND `pid` = 22 ORDER BY oid ASC  [ RunTime:0.0000s ]
SQL: SHOW COLUMNS FROM `hemei_news` [ RunTime:0.0070s ]
SQL: SHOW COLUMNS FROM `hemei_news` [ RunTime:0.0060s ]
NOTIC: [8] Undefined index: limit D:\WebRoot\hmsyxx\ThinkPHP\Library\Think\Db\Driver.class.php 第 950 行.
SQL: SELECT * FROM `hemei_news` WHERE `status` = 0 AND `cid` = 19 ORDER BY oid DESC,posttime ASC LIMIT 0,20   [ RunTime:0.0000s ]
SQL: SELECT COUNT(*) AS tp_count FROM `hemei_news` WHERE `status` = 0 AND `cid` = 19 LIMIT 1   [ RunTime:0.0010s ]
INFO: [ view_parse ] --START--
INFO: [ template_filter ] --START--
INFO: Run Behavior\ContentReplaceBehavior [ RunTime:0.000000s ]
INFO: [ template_filter ] --END-- [ RunTime:0.000000s ]
INFO: Run Behavior\ParseTemplateBehavior [ RunTime:0.031002s ]
INFO: [ view_parse ] --END-- [ RunTime:0.031002s ]
INFO: [ view_filter ] --START--
INFO: Run Behavior\WriteHtmlCacheBehavior [ RunTime:0.001000s ]
INFO: [ view_filter ] --END-- [ RunTime:0.001000s ]
INFO: [ app_end ] --START--
INFO: Run Behavior\ShowPageTraceBehavior [ RunTime:0.001000s ]
INFO: [ app_end ] --END-- [ RunTime:0.001000s ]

[ 2016-04-14T14:40:07+08:00 ] 127.0.0.1 /Home/Article/index/newsid/4.html
INFO: [ app_init ] --START--
INFO: Run Behavior\BuildLiteBehavior [ RunTime:0.000000s ]
INFO: [ app_init ] --END-- [ RunTime:0.000000s ]
INFO: [ app_begin ] --START--
INFO: Run Behavior\ReadHtmlCacheBehavior [ RunTime:0.015600s ]
INFO: [ app_begin ] --END-- [ RunTime:0.015600s ]
SQL: SHOW COLUMNS FROM `hemei_sets` [ RunTime:0.0156s ]
SQL: SHOW COLUMNS FROM `hemei_sets` [ RunTime:0.0000s ]
SQL: SELECT * FROM `hemei_sets`  [ RunTime:0.0000s ]
SQL: SHOW COLUMNS FROM `hemei_nav` [ RunTime:0.0156s ]
SQL: SHOW COLUMNS FROM `hemei_nav` [ RunTime:0.0000s ]
SQL: SELECT * FROM `hemei_nav` WHERE `status` = 1 AND `type` = 1 ORDER BY oid ASC LIMIT 7   [ RunTime:0.0000s ]
SQL: SHOW COLUMNS FROM `hemei_links` [ RunTime:0.0000s ]
SQL: SHOW COLUMNS FROM `hemei_links` [ RunTime:0.0156s ]
SQL: SELECT * FROM `hemei_links` WHERE `status` = 1 ORDER BY oid ASC LIMIT 16   [ RunTime:0.0000s ]
NOTIC: [8] Undefined offset: 8 D:\WebRoot\hmsyxx\Hemei\Home\Controller\PublicController.class.php 第 80 行.
NOTIC: [8] Undefined offset: 12 D:\WebRoot\hmsyxx\Hemei\Home\Controller\PublicController.class.php 第 80 行.
NOTIC: [8] Undefined offset: 9 D:\WebRoot\hmsyxx\Hemei\Home\Controller\PublicController.class.php 第 80 行.
NOTIC: [8] Undefined offset: 13 D:\WebRoot\hmsyxx\Hemei\Home\Controller\PublicController.class.php 第 80 行.
NOTIC: [8] Undefined offset: 10 D:\WebRoot\hmsyxx\Hemei\Home\Controller\PublicController.class.php 第 80 行.
NOTIC: [8] Undefined offset: 14 D:\WebRoot\hmsyxx\Hemei\Home\Controller\PublicController.class.php 第 80 行.
NOTIC: [8] Undefined offset: 7 D:\WebRoot\hmsyxx\Hemei\Home\Controller\PublicController.class.php 第 80 行.
NOTIC: [8] Undefined offset: 11 D:\WebRoot\hmsyxx\Hemei\Home\Controller\PublicController.class.php 第 80 行.
NOTIC: [8] Undefined offset: 15 D:\WebRoot\hmsyxx\Hemei\Home\Controller\PublicController.class.php 第 80 行.
NOTIC: [8] Undefined index: nav D:\WebRoot\hmsyxx\Hemei\Home\Controller\ArticleController.class.php 第 20 行.
NOTIC: [8] Undefined index: cid D:\WebRoot\hmsyxx\Hemei\Home\Controller\ArticleController.class.php 第 25 行.
NOTIC: [8] Undefined index: nav D:\WebRoot\hmsyxx\Hemei\Home\Controller\ArticleController.class.php 第 29 行.
SQL: SHOW COLUMNS FROM `hemei_category` [ RunTime:0.0000s ]
SQL: SHOW COLUMNS FROM `hemei_category` [ RunTime:0.0000s ]
SQL: SELECT * FROM `hemei_category` WHERE `nid` = null ORDER BY oid ASC LIMIT 1   [ RunTime:0.0000s ]
SQL: SELECT * FROM `hemei_nav` WHERE `id` = 8 LIMIT 1   [ RunTime:0.0000s ]
SQL: SELECT * FROM `hemei_category` WHERE `status` = 1 AND `nid` = 8 AND `pid` = 0 ORDER BY oid ASC  [ RunTime:0.0156s ]
SQL: SELECT * FROM `hemei_category` WHERE `status` = 1 AND `pid` = 1 ORDER BY oid ASC  [ RunTime:0.0000s ]
SQL: SELECT * FROM `hemei_category` WHERE `status` = 1 AND `pid` = 2 ORDER BY oid ASC  [ RunTime:0.0000s ]
SQL: SELECT * FROM `hemei_category` WHERE `status` = 1 AND `pid` = 3 ORDER BY oid ASC  [ RunTime:0.0000s ]
SQL: SELECT * FROM `hemei_category` WHERE `status` = 1 AND `pid` = 4 ORDER BY oid ASC  [ RunTime:0.0000s ]
SQL: SELECT * FROM `hemei_category` WHERE `status` = 1 AND `pid` = 5 ORDER BY oid ASC  [ RunTime:0.0000s ]
SQL: SHOW COLUMNS FROM `hemei_news` [ RunTime:0.0000s ]
SQL: SHOW COLUMNS FROM `hemei_news` [ RunTime:0.0156s ]
SQL: SELECT * FROM `hemei_news` WHERE `id` = 4 LIMIT 1   [ RunTime:0.0000s ]
SQL: SELECT * FROM `hemei_category` WHERE `id` = 3 ORDER BY oid ASC LIMIT 1   [ RunTime:0.0000s ]
INFO: [ view_parse ] --START--
INFO: [ template_filter ] --START--
INFO: Run Behavior\ContentReplaceBehavior [ RunTime:0.000000s ]
INFO: [ template_filter ] --END-- [ RunTime:0.000000s ]
INFO: Run Behavior\ParseTemplateBehavior [ RunTime:0.046800s ]
INFO: [ view_parse ] --END-- [ RunTime:0.046800s ]
INFO: [ view_filter ] --START--
INFO: Run Behavior\WriteHtmlCacheBehavior [ RunTime:0.000000s ]
INFO: [ view_filter ] --END-- [ RunTime:0.000000s ]
INFO: [ app_end ] --START--
INFO: Run Behavior\ShowPageTraceBehavior [ RunTime:0.000000s ]
INFO: [ app_end ] --END-- [ RunTime:0.000000s ]

[ 2016-04-14T19:26:52+08:00 ] 127.0.0.1 /
INFO: [ app_init ] --START--
INFO: Run Behavior\BuildLiteBehavior [ RunTime:0.000000s ]
INFO: [ app_init ] --END-- [ RunTime:0.000000s ]
INFO: [ app_begin ] --START--
INFO: Run Behavior\ReadHtmlCacheBehavior [ RunTime:0.000000s ]
INFO: [ app_begin ] --END-- [ RunTime:0.000000s ]
SQL: SHOW COLUMNS FROM `hemei_sets` [ RunTime:0.0000s ]
SQL: SHOW COLUMNS FROM `hemei_sets` [ RunTime:0.0156s ]
SQL: SELECT * FROM `hemei_sets`  [ RunTime:0.0000s ]
SQL: SHOW COLUMNS FROM `hemei_notice` [ RunTime:0.0000s ]
SQL: SHOW COLUMNS FROM `hemei_notice` [ RunTime:0.0000s ]
SQL: SELECT * FROM `hemei_notice` WHERE `status` = 1 AND `top` = 1 ORDER BY oid ASC,id DESC LIMIT 1   [ RunTime:0.0000s ]
SQL: SELECT * FROM `hemei_notice` WHERE `status` = 1 AND `top` = 0 ORDER BY oid ASC LIMIT 20   [ RunTime:0.0000s ]
SQL: SHOW COLUMNS FROM `hemei_nav` [ RunTime:0.0000s ]
SQL: SHOW COLUMNS FROM `hemei_nav` [ RunTime:0.0000s ]
SQL: SELECT * FROM `hemei_nav` WHERE `status` = 1 AND `type` = 1 ORDER BY oid ASC LIMIT 7   [ RunTime:0.0000s ]
SQL: SHOW COLUMNS FROM `hemei_links` [ RunTime:0.0156s ]
SQL: SHOW COLUMNS FROM `hemei_links` [ RunTime:0.0000s ]
SQL: SELECT * FROM `hemei_links` WHERE `status` = 1 ORDER BY oid ASC LIMIT 16   [ RunTime:0.0000s ]
NOTIC: [8] Undefined offset: 8 D:\WebRoot\hmsyxx\Hemei\Home\Controller\PublicController.class.php 第 80 行.
NOTIC: [8] Undefined offset: 12 D:\WebRoot\hmsyxx\Hemei\Home\Controller\PublicController.class.php 第 80 行.
NOTIC: [8] Undefined offset: 9 D:\WebRoot\hmsyxx\Hemei\Home\Controller\PublicController.class.php 第 80 行.
NOTIC: [8] Undefined offset: 13 D:\WebRoot\hmsyxx\Hemei\Home\Controller\PublicController.class.php 第 80 行.
NOTIC: [8] Undefined offset: 10 D:\WebRoot\hmsyxx\Hemei\Home\Controller\PublicController.class.php 第 80 行.
NOTIC: [8] Undefined offset: 14 D:\WebRoot\hmsyxx\Hemei\Home\Controller\PublicController.class.php 第 80 行.
NOTIC: [8] Undefined offset: 7 D:\WebRoot\hmsyxx\Hemei\Home\Controller\PublicController.class.php 第 80 行.
NOTIC: [8] Undefined offset: 11 D:\WebRoot\hmsyxx\Hemei\Home\Controller\PublicController.class.php 第 80 行.
NOTIC: [8] Undefined offset: 15 D:\WebRoot\hmsyxx\Hemei\Home\Controller\PublicController.class.php 第 80 行.
SQL: SHOW COLUMNS FROM `hemei_news` [ RunTime:0.0000s ]
SQL: SHOW COLUMNS FROM `hemei_news` [ RunTime:0.0000s ]
SQL: SELECT * FROM `hemei_news` WHERE `status` = 0 AND `cid` = 3 ORDER BY oid DESC,posttime ASC LIMIT 1,6   [ RunTime:0.0000s ]
SQL: SELECT * FROM `hemei_news` WHERE `cid` = 3 AND `status` = 0 ORDER BY oid DESC LIMIT 1   [ RunTime:0.0000s ]
SQL: SELECT * FROM `hemei_news` WHERE `status` = 0 AND `cid` = 4 ORDER BY oid DESC,posttime ASC LIMIT 0,6   [ RunTime:0.0000s ]
SQL: SELECT * FROM `hemei_news` WHERE `status` = 0 AND `cid` = 1 ORDER BY oid DESC,posttime ASC LIMIT 1,10   [ RunTime:0.0000s ]
SQL: SELECT * FROM `hemei_news` WHERE `cid` = 1 AND `status` = 0 ORDER BY oid DESC LIMIT 1   [ RunTime:0.0000s ]
INFO: [ view_parse ] --START--
INFO: [ template_filter ] --START--
INFO: Run Behavior\ContentReplaceBehavior [ RunTime:0.000000s ]
INFO: [ template_filter ] --END-- [ RunTime:0.000000s ]
NOTIC: [8] Undefined variable: page_title D:\WebRoot\hmsyxx\Hemei\Runtime\Cache\Home\5036fb87e9eadcb684563d648053b2c6.php 第 8 行.
NOTIC: [8] Use of undefined constant uri - assumed 'uri' D:\WebRoot\hmsyxx\Hemei\Runtime\Cache\Home\5036fb87e9eadcb684563d648053b2c6.php 第 103 行.
NOTIC: [8] Use of undefined constant uri - assumed 'uri' D:\WebRoot\hmsyxx\Hemei\Runtime\Cache\Home\5036fb87e9eadcb684563d648053b2c6.php 第 103 行.
NOTIC: [8] Use of undefined constant uri - assumed 'uri' D:\WebRoot\hmsyxx\Hemei\Runtime\Cache\Home\5036fb87e9eadcb684563d648053b2c6.php 第 103 行.
NOTIC: [8] Use of undefined constant uri - assumed 'uri' D:\WebRoot\hmsyxx\Hemei\Runtime\Cache\Home\5036fb87e9eadcb684563d648053b2c6.php 第 103 行.
NOTIC: [8] Use of undefined constant uri - assumed 'uri' D:\WebRoot\hmsyxx\Hemei\Runtime\Cache\Home\5036fb87e9eadcb684563d648053b2c6.php 第 103 行.
NOTIC: [8] Undefined index: image D:\WebRoot\hmsyxx\Hemei\Runtime\Cache\Home\5036fb87e9eadcb684563d648053b2c6.php 第 126 行.
INFO: Run Behavior\ParseTemplateBehavior [ RunTime:0.046800s ]
INFO: [ view_parse ] --END-- [ RunTime:0.046800s ]
INFO: [ view_filter ] --START--
INFO: Run Behavior\WriteHtmlCacheBehavior [ RunTime:0.000000s ]
INFO: [ view_filter ] --END-- [ RunTime:0.000000s ]
INFO: [ app_end ] --START--
INFO: Run Behavior\ShowPageTraceBehavior [ RunTime:0.000000s ]
INFO: [ app_end ] --END-- [ RunTime:0.000000s ]

[ 2016-04-14T20:00:13+08:00 ] 127.0.0.1 /
INFO: [ app_init ] --START--
INFO: Run Behavior\BuildLiteBehavior [ RunTime:0.000000s ]
INFO: [ app_init ] --END-- [ RunTime:0.000000s ]
INFO: [ app_begin ] --START--
INFO: Run Behavior\ReadHtmlCacheBehavior [ RunTime:0.000000s ]
INFO: [ app_begin ] --END-- [ RunTime:0.000000s ]
SQL: SHOW COLUMNS FROM `hemei_sets` [ RunTime:0.0000s ]
SQL: SHOW COLUMNS FROM `hemei_sets` [ RunTime:0.0000s ]
SQL: SELECT * FROM `hemei_sets`  [ RunTime:0.0000s ]
SQL: SHOW COLUMNS FROM `hemei_notice` [ RunTime:0.0000s ]
SQL: SHOW COLUMNS FROM `hemei_notice` [ RunTime:0.0000s ]
SQL: SELECT * FROM `hemei_notice` WHERE `status` = 1 AND `top` = 1 ORDER BY oid ASC,id DESC LIMIT 1   [ RunTime:0.0000s ]
SQL: SELECT * FROM `hemei_notice` WHERE `status` = 1 AND `top` = 0 ORDER BY oid ASC LIMIT 20   [ RunTime:0.0000s ]
SQL: SHOW COLUMNS FROM `hemei_nav` [ RunTime:0.0156s ]
SQL: SHOW COLUMNS FROM `hemei_nav` [ RunTime:0.0000s ]
SQL: SELECT * FROM `hemei_nav` WHERE `status` = 1 AND `type` = 1 ORDER BY oid ASC LIMIT 7   [ RunTime:0.0000s ]
SQL: SHOW COLUMNS FROM `hemei_links` [ RunTime:0.0000s ]
SQL: SHOW COLUMNS FROM `hemei_links` [ RunTime:0.0156s ]
SQL: SELECT * FROM `hemei_links` WHERE `status` = 1 ORDER BY oid ASC LIMIT 16   [ RunTime:0.0000s ]
NOTIC: [8] Undefined offset: 8 D:\WebRoot\hmsyxx\Hemei\Home\Controller\PublicController.class.php 第 80 行.
NOTIC: [8] Undefined offset: 12 D:\WebRoot\hmsyxx\Hemei\Home\Controller\PublicController.class.php 第 80 行.
NOTIC: [8] Undefined offset: 9 D:\WebRoot\hmsyxx\Hemei\Home\Controller\PublicController.class.php 第 80 行.
NOTIC: [8] Undefined offset: 13 D:\WebRoot\hmsyxx\Hemei\Home\Controller\PublicController.class.php 第 80 行.
NOTIC: [8] Undefined offset: 10 D:\WebRoot\hmsyxx\Hemei\Home\Controller\PublicController.class.php 第 80 行.
NOTIC: [8] Undefined offset: 14 D:\WebRoot\hmsyxx\Hemei\Home\Controller\PublicController.class.php 第 80 行.
NOTIC: [8] Undefined offset: 7 D:\WebRoot\hmsyxx\Hemei\Home\Controller\PublicController.class.php 第 80 行.
NOTIC: [8] Undefined offset: 11 D:\WebRoot\hmsyxx\Hemei\Home\Controller\PublicController.class.php 第 80 行.
NOTIC: [8] Undefined offset: 15 D:\WebRoot\hmsyxx\Hemei\Home\Controller\PublicController.class.php 第 80 行.
SQL: SHOW COLUMNS FROM `hemei_news` [ RunTime:0.0000s ]
SQL: SHOW COLUMNS FROM `hemei_news` [ RunTime:0.0000s ]
SQL: SELECT * FROM `hemei_news` WHERE `status` = 0 AND `cid` = 3 ORDER BY oid DESC,posttime ASC LIMIT 1,6   [ RunTime:0.0000s ]
SQL: SELECT * FROM `hemei_news` WHERE `cid` = 3 AND `status` = 0 ORDER BY oid DESC LIMIT 1   [ RunTime:0.0000s ]
SQL: SELECT * FROM `hemei_news` WHERE `status` = 0 AND `cid` = 4 ORDER BY oid DESC,posttime ASC LIMIT 0,6   [ RunTime:0.0000s ]
SQL: SELECT * FROM `hemei_news` WHERE `status` = 0 AND `cid` = 1 ORDER BY oid DESC,posttime ASC LIMIT 1,10   [ RunTime:0.0000s ]
SQL: SELECT * FROM `hemei_news` WHERE `cid` = 1 AND `status` = 0 ORDER BY oid DESC LIMIT 1   [ RunTime:0.0000s ]
INFO: [ view_parse ] --START--
INFO: [ template_filter ] --START--
INFO: Run Behavior\ContentReplaceBehavior [ RunTime:0.000000s ]
INFO: [ template_filter ] --END-- [ RunTime:0.000000s ]
NOTIC: [8] Undefined variable: page_title D:\WebRoot\hmsyxx\Hemei\Runtime\Cache\Home\5036fb87e9eadcb684563d648053b2c6.php 第 8 行.
NOTIC: [8] Use of undefined constant uri - assumed 'uri' D:\WebRoot\hmsyxx\Hemei\Runtime\Cache\Home\5036fb87e9eadcb684563d648053b2c6.php 第 103 行.
NOTIC: [8] Use of undefined constant uri - assumed 'uri' D:\WebRoot\hmsyxx\Hemei\Runtime\Cache\Home\5036fb87e9eadcb684563d648053b2c6.php 第 103 行.
NOTIC: [8] Use of undefined constant uri - assumed 'uri' D:\WebRoot\hmsyxx\Hemei\Runtime\Cache\Home\5036fb87e9eadcb684563d648053b2c6.php 第 103 行.
NOTIC: [8] Use of undefined constant uri - assumed 'uri' D:\WebRoot\hmsyxx\Hemei\Runtime\Cache\Home\5036fb87e9eadcb684563d648053b2c6.php 第 103 行.
NOTIC: [8] Use of undefined constant uri - assumed 'uri' D:\WebRoot\hmsyxx\Hemei\Runtime\Cache\Home\5036fb87e9eadcb684563d648053b2c6.php 第 103 行.
NOTIC: [8] Undefined index: image D:\WebRoot\hmsyxx\Hemei\Runtime\Cache\Home\5036fb87e9eadcb684563d648053b2c6.php 第 126 行.
INFO: Run Behavior\ParseTemplateBehavior [ RunTime:0.031200s ]
INFO: [ view_parse ] --END-- [ RunTime:0.031200s ]
INFO: [ view_filter ] --START--
INFO: Run Behavior\WriteHtmlCacheBehavior [ RunTime:0.000000s ]
INFO: [ view_filter ] --END-- [ RunTime:0.000000s ]
INFO: [ app_end ] --START--
INFO: Run Behavior\ShowPageTraceBehavior [ RunTime:0.000000s ]
INFO: [ app_end ] --END-- [ RunTime:0.000000s ]

[ 2016-04-14T20:07:56+08:00 ] 127.0.0.1 /Home/Article/index/newsid/31.html
INFO: [ app_init ] --START--
INFO: Run Behavior\BuildLiteBehavior [ RunTime:0.000000s ]
INFO: [ app_init ] --END-- [ RunTime:0.000000s ]
INFO: [ app_begin ] --START--
INFO: Run Behavior\ReadHtmlCacheBehavior [ RunTime:0.000000s ]
INFO: [ app_begin ] --END-- [ RunTime:0.000000s ]
SQL: SHOW COLUMNS FROM `hemei_sets` [ RunTime:0.0156s ]
SQL: SHOW COLUMNS FROM `hemei_sets` [ RunTime:0.0000s ]
SQL: SELECT * FROM `hemei_sets`  [ RunTime:0.0000s ]
SQL: SHOW COLUMNS FROM `hemei_nav` [ RunTime:0.0156s ]
SQL: SHOW COLUMNS FROM `hemei_nav` [ RunTime:0.0000s ]
SQL: SELECT * FROM `hemei_nav` WHERE `status` = 1 AND `type` = 1 ORDER BY oid ASC LIMIT 7   [ RunTime:0.0000s ]
SQL: SHOW COLUMNS FROM `hemei_links` [ RunTime:0.0156s ]
SQL: SHOW COLUMNS FROM `hemei_links` [ RunTime:0.0000s ]
SQL: SELECT * FROM `hemei_links` WHERE `status` = 1 ORDER BY oid ASC LIMIT 16   [ RunTime:0.0000s ]
NOTIC: [8] Undefined offset: 8 D:\WebRoot\hmsyxx\Hemei\Home\Controller\PublicController.class.php 第 80 行.
NOTIC: [8] Undefined offset: 12 D:\WebRoot\hmsyxx\Hemei\Home\Controller\PublicController.class.php 第 80 行.
NOTIC: [8] Undefined offset: 9 D:\WebRoot\hmsyxx\Hemei\Home\Controller\PublicController.class.php 第 80 行.
NOTIC: [8] Undefined offset: 13 D:\WebRoot\hmsyxx\Hemei\Home\Controller\PublicController.class.php 第 80 行.
NOTIC: [8] Undefined offset: 10 D:\WebRoot\hmsyxx\Hemei\Home\Controller\PublicController.class.php 第 80 行.
NOTIC: [8] Undefined offset: 14 D:\WebRoot\hmsyxx\Hemei\Home\Controller\PublicController.class.php 第 80 行.
NOTIC: [8] Undefined offset: 7 D:\WebRoot\hmsyxx\Hemei\Home\Controller\PublicController.class.php 第 80 行.
NOTIC: [8] Undefined offset: 11 D:\WebRoot\hmsyxx\Hemei\Home\Controller\PublicController.class.php 第 80 行.
NOTIC: [8] Undefined offset: 15 D:\WebRoot\hmsyxx\Hemei\Home\Controller\PublicController.class.php 第 80 行.
NOTIC: [8] Undefined index: nav D:\WebRoot\hmsyxx\Hemei\Home\Controller\ArticleController.class.php 第 20 行.
NOTIC: [8] Undefined index: cid D:\WebRoot\hmsyxx\Hemei\Home\Controller\ArticleController.class.php 第 25 行.
NOTIC: [8] Undefined index: nav D:\WebRoot\hmsyxx\Hemei\Home\Controller\ArticleController.class.php 第 29 行.
SQL: SHOW COLUMNS FROM `hemei_category` [ RunTime:0.0156s ]
SQL: SHOW COLUMNS FROM `hemei_category` [ RunTime:0.0000s ]
SQL: SELECT * FROM `hemei_category` WHERE `nid` = null ORDER BY oid ASC LIMIT 1   [ RunTime:0.0000s ]
SQL: SELECT * FROM `hemei_nav` WHERE `id` = 8 LIMIT 1   [ RunTime:0.0000s ]
SQL: SELECT * FROM `hemei_category` WHERE `status` = 1 AND `nid` = 8 AND `pid` = 0 ORDER BY oid ASC  [ RunTime:0.0000s ]
SQL: SELECT * FROM `hemei_category` WHERE `status` = 1 AND `pid` = 1 ORDER BY oid ASC  [ RunTime:0.0000s ]
SQL: SELECT * FROM `hemei_category` WHERE `status` = 1 AND `pid` = 2 ORDER BY oid ASC  [ RunTime:0.0000s ]
SQL: SELECT * FROM `hemei_category` WHERE `status` = 1 AND `pid` = 3 ORDER BY oid ASC  [ RunTime:0.0000s ]
SQL: SELECT * FROM `hemei_category` WHERE `status` = 1 AND `pid` = 4 ORDER BY oid ASC  [ RunTime:0.0000s ]
SQL: SELECT * FROM `hemei_category` WHERE `status` = 1 AND `pid` = 5 ORDER BY oid ASC  [ RunTime:0.0000s ]
SQL: SHOW COLUMNS FROM `hemei_news` [ RunTime:0.0156s ]
SQL: SHOW COLUMNS FROM `hemei_news` [ RunTime:0.0000s ]
SQL: SELECT * FROM `hemei_news` WHERE `id` = 31 LIMIT 1   [ RunTime:0.0000s ]
SQL: SELECT * FROM `hemei_category` WHERE `id` = 4 ORDER BY oid ASC LIMIT 1   [ RunTime:0.0000s ]
INFO: [ view_parse ] --START--
INFO: [ template_filter ] --START--
INFO: Run Behavior\ContentReplaceBehavior [ RunTime:0.000000s ]
INFO: [ template_filter ] --END-- [ RunTime:0.000000s ]
INFO: Run Behavior\ParseTemplateBehavior [ RunTime:0.046800s ]
INFO: [ view_parse ] --END-- [ RunTime:0.046800s ]
INFO: [ view_filter ] --START--
INFO: Run Behavior\WriteHtmlCacheBehavior [ RunTime:0.000000s ]
INFO: [ view_filter ] --END-- [ RunTime:0.000000s ]
INFO: [ app_end ] --START--
INFO: Run Behavior\ShowPageTraceBehavior [ RunTime:0.000000s ]
INFO: [ app_end ] --END-- [ RunTime:0.000000s ]

[ 2016-04-14T21:20:02+08:00 ] 127.0.0.1 /
INFO: [ app_init ] --START--
INFO: Run Behavior\BuildLiteBehavior [ RunTime:0.000000s ]
INFO: [ app_init ] --END-- [ RunTime:0.000000s ]
INFO: [ app_begin ] --START--
INFO: Run Behavior\ReadHtmlCacheBehavior [ RunTime:0.000000s ]
INFO: [ app_begin ] --END-- [ RunTime:0.000000s ]
SQL: SHOW COLUMNS FROM `hemei_sets` [ RunTime:0.0156s ]
SQL: SHOW COLUMNS FROM `hemei_sets` [ RunTime:0.0000s ]
SQL: SELECT * FROM `hemei_sets`  [ RunTime:0.0000s ]
SQL: SHOW COLUMNS FROM `hemei_notice` [ RunTime:0.0000s ]
SQL: SHOW COLUMNS FROM `hemei_notice` [ RunTime:0.0000s ]
SQL: SELECT * FROM `hemei_notice` WHERE `status` = 1 AND `top` = 1 ORDER BY oid ASC,id DESC LIMIT 1   [ RunTime:0.0000s ]
SQL: SELECT * FROM `hemei_notice` WHERE `status` = 1 AND `top` = 0 ORDER BY oid ASC LIMIT 20   [ RunTime:0.0000s ]
SQL: SHOW COLUMNS FROM `hemei_nav` [ RunTime:0.0000s ]
SQL: SHOW COLUMNS FROM `hemei_nav` [ RunTime:0.0156s ]
SQL: SELECT * FROM `hemei_nav` WHERE `status` = 1 AND `type` = 1 ORDER BY oid ASC LIMIT 7   [ RunTime:0.0000s ]
SQL: SHOW COLUMNS FROM `hemei_links` [ RunTime:0.0000s ]
SQL: SHOW COLUMNS FROM `hemei_links` [ RunTime:0.0000s ]
SQL: SELECT * FROM `hemei_links` WHERE `status` = 1 ORDER BY oid ASC LIMIT 16   [ RunTime:0.0000s ]
NOTIC: [8] Undefined offset: 8 D:\WebRoot\hmsyxx\Hemei\Home\Controller\PublicController.class.php 第 80 行.
NOTIC: [8] Undefined offset: 12 D:\WebRoot\hmsyxx\Hemei\Home\Controller\PublicController.class.php 第 80 行.
NOTIC: [8] Undefined offset: 9 D:\WebRoot\hmsyxx\Hemei\Home\Controller\PublicController.class.php 第 80 行.
NOTIC: [8] Undefined offset: 13 D:\WebRoot\hmsyxx\Hemei\Home\Controller\PublicController.class.php 第 80 行.
NOTIC: [8] Undefined offset: 10 D:\WebRoot\hmsyxx\Hemei\Home\Controller\PublicController.class.php 第 80 行.
NOTIC: [8] Undefined offset: 14 D:\WebRoot\hmsyxx\Hemei\Home\Controller\PublicController.class.php 第 80 行.
NOTIC: [8] Undefined offset: 7 D:\WebRoot\hmsyxx\Hemei\Home\Controller\PublicController.class.php 第 80 行.
NOTIC: [8] Undefined offset: 11 D:\WebRoot\hmsyxx\Hemei\Home\Controller\PublicController.class.php 第 80 行.
NOTIC: [8] Undefined offset: 15 D:\WebRoot\hmsyxx\Hemei\Home\Controller\PublicController.class.php 第 80 行.
SQL: SHOW COLUMNS FROM `hemei_news` [ RunTime:0.0156s ]
SQL: SHOW COLUMNS FROM `hemei_news` [ RunTime:0.0000s ]
SQL: SELECT * FROM `hemei_news` WHERE `status` = 0 AND `cid` = 3 ORDER BY oid DESC,posttime ASC LIMIT 1,6   [ RunTime:0.0000s ]
SQL: SELECT * FROM `hemei_news` WHERE `cid` = 3 AND `status` = 0 ORDER BY oid DESC LIMIT 1   [ RunTime:0.0000s ]
SQL: SELECT * FROM `hemei_news` WHERE `status` = 0 AND `cid` = 4 ORDER BY oid DESC,posttime ASC LIMIT 0,6   [ RunTime:0.0000s ]
SQL: SELECT * FROM `hemei_news` WHERE `status` = 0 AND `cid` = 1 ORDER BY oid DESC,posttime ASC LIMIT 1,10   [ RunTime:0.0000s ]
SQL: SELECT * FROM `hemei_news` WHERE `cid` = 1 AND `status` = 0 ORDER BY oid DESC LIMIT 1   [ RunTime:0.0156s ]
INFO: [ view_parse ] --START--
INFO: [ template_filter ] --START--
INFO: Run Behavior\ContentReplaceBehavior [ RunTime:0.000000s ]
INFO: [ template_filter ] --END-- [ RunTime:0.000000s ]
NOTIC: [8] Undefined variable: page_title D:\WebRoot\hmsyxx\Hemei\Runtime\Cache\Home\5036fb87e9eadcb684563d648053b2c6.php 第 8 行.
NOTIC: [8] Use of undefined constant uri - assumed 'uri' D:\WebRoot\hmsyxx\Hemei\Runtime\Cache\Home\5036fb87e9eadcb684563d648053b2c6.php 第 103 行.
NOTIC: [8] Use of undefined constant uri - assumed 'uri' D:\WebRoot\hmsyxx\Hemei\Runtime\Cache\Home\5036fb87e9eadcb684563d648053b2c6.php 第 103 行.
NOTIC: [8] Use of undefined constant uri - assumed 'uri' D:\WebRoot\hmsyxx\Hemei\Runtime\Cache\Home\5036fb87e9eadcb684563d648053b2c6.php 第 103 行.
NOTIC: [8] Use of undefined constant uri - assumed 'uri' D:\WebRoot\hmsyxx\Hemei\Runtime\Cache\Home\5036fb87e9eadcb684563d648053b2c6.php 第 103 行.
NOTIC: [8] Use of undefined constant uri - assumed 'uri' D:\WebRoot\hmsyxx\Hemei\Runtime\Cache\Home\5036fb87e9eadcb684563d648053b2c6.php 第 103 行.
NOTIC: [8] Undefined index: image D:\WebRoot\hmsyxx\Hemei\Runtime\Cache\Home\5036fb87e9eadcb684563d648053b2c6.php 第 126 行.
INFO: Run Behavior\ParseTemplateBehavior [ RunTime:0.031200s ]
INFO: [ view_parse ] --END-- [ RunTime:0.031200s ]
INFO: [ view_filter ] --START--
INFO: Run Behavior\WriteHtmlCacheBehavior [ RunTime:0.000000s ]
INFO: [ view_filter ] --END-- [ RunTime:0.000000s ]
INFO: [ app_end ] --START--
INFO: Run Behavior\ShowPageTraceBehavior [ RunTime:0.000000s ]
INFO: [ app_end ] --END-- [ RunTime:0.000000s ]

[ 2016-04-14T22:17:27+08:00 ] 127.0.0.1 /
INFO: [ app_init ] --START--
INFO: Run Behavior\BuildLiteBehavior [ RunTime:0.000000s ]
INFO: [ app_init ] --END-- [ RunTime:0.015600s ]
INFO: [ app_begin ] --START--
INFO: Run Behavior\ReadHtmlCacheBehavior [ RunTime:0.000000s ]
INFO: [ app_begin ] --END-- [ RunTime:0.000000s ]
SQL: SHOW COLUMNS FROM `hemei_sets` [ RunTime:0.0000s ]
SQL: SHOW COLUMNS FROM `hemei_sets` [ RunTime:0.0156s ]
SQL: SELECT * FROM `hemei_sets`  [ RunTime:0.0000s ]
SQL: SHOW COLUMNS FROM `hemei_notice` [ RunTime:0.0000s ]
SQL: SHOW COLUMNS FROM `hemei_notice` [ RunTime:0.0000s ]
SQL: SELECT * FROM `hemei_notice` WHERE `status` = 1 AND `top` = 1 ORDER BY oid ASC,id DESC LIMIT 1   [ RunTime:0.0000s ]
SQL: SELECT * FROM `hemei_notice` WHERE `status` = 1 AND `top` = 0 ORDER BY oid ASC LIMIT 20   [ RunTime:0.0000s ]
SQL: SHOW COLUMNS FROM `hemei_nav` [ RunTime:0.0000s ]
SQL: SHOW COLUMNS FROM `hemei_nav` [ RunTime:0.0000s ]
SQL: SELECT * FROM `hemei_nav` WHERE `status` = 1 AND `type` = 1 ORDER BY oid ASC LIMIT 7   [ RunTime:0.0000s ]
SQL: SHOW COLUMNS FROM `hemei_links` [ RunTime:0.0156s ]
SQL: SHOW COLUMNS FROM `hemei_links` [ RunTime:0.0000s ]
SQL: SELECT * FROM `hemei_links` WHERE `status` = 1 ORDER BY oid ASC LIMIT 16   [ RunTime:0.0000s ]
NOTIC: [8] Undefined offset: 8 D:\WebRoot\hmsyxx\Hemei\Home\Controller\PublicController.class.php 第 80 行.
NOTIC: [8] Undefined offset: 12 D:\WebRoot\hmsyxx\Hemei\Home\Controller\PublicController.class.php 第 80 行.
NOTIC: [8] Undefined offset: 9 D:\WebRoot\hmsyxx\Hemei\Home\Controller\PublicController.class.php 第 80 行.
NOTIC: [8] Undefined offset: 13 D:\WebRoot\hmsyxx\Hemei\Home\Controller\PublicController.class.php 第 80 行.
NOTIC: [8] Undefined offset: 10 D:\WebRoot\hmsyxx\Hemei\Home\Controller\PublicController.class.php 第 80 行.
NOTIC: [8] Undefined offset: 14 D:\WebRoot\hmsyxx\Hemei\Home\Controller\PublicController.class.php 第 80 行.
NOTIC: [8] Undefined offset: 7 D:\WebRoot\hmsyxx\Hemei\Home\Controller\PublicController.class.php 第 80 行.
NOTIC: [8] Undefined offset: 11 D:\WebRoot\hmsyxx\Hemei\Home\Controller\PublicController.class.php 第 80 行.
NOTIC: [8] Undefined offset: 15 D:\WebRoot\hmsyxx\Hemei\Home\Controller\PublicController.class.php 第 80 行.
SQL: SHOW COLUMNS FROM `hemei_news` [ RunTime:0.0156s ]
SQL: SHOW COLUMNS FROM `hemei_news` [ RunTime:0.0000s ]
SQL: SELECT * FROM `hemei_news` WHERE `status` = 0 AND `cid` = 3 ORDER BY oid DESC,posttime ASC LIMIT 1,6   [ RunTime:0.0000s ]
SQL: SELECT * FROM `hemei_news` WHERE `cid` = 3 AND `status` = 0 ORDER BY oid DESC LIMIT 1   [ RunTime:0.0000s ]
SQL: SELECT * FROM `hemei_news` WHERE `status` = 0 AND `cid` = 4 ORDER BY oid DESC,posttime ASC LIMIT 0,6   [ RunTime:0.0000s ]
SQL: SELECT * FROM `hemei_news` WHERE `status` = 0 AND `cid` = 1 ORDER BY oid DESC,posttime ASC LIMIT 1,10   [ RunTime:0.0000s ]
SQL: SELECT * FROM `hemei_news` WHERE `cid` = 1 AND `status` = 0 ORDER BY oid DESC LIMIT 1   [ RunTime:0.0000s ]
INFO: [ view_parse ] --START--
INFO: [ template_filter ] --START--
INFO: Run Behavior\ContentReplaceBehavior [ RunTime:0.000000s ]
INFO: [ template_filter ] --END-- [ RunTime:0.000000s ]
NOTIC: [8] Undefined variable: page_title D:\WebRoot\hmsyxx\Hemei\Runtime\Cache\Home\5036fb87e9eadcb684563d648053b2c6.php 第 8 行.
NOTIC: [8] Use of undefined constant uri - assumed 'uri' D:\WebRoot\hmsyxx\Hemei\Runtime\Cache\Home\5036fb87e9eadcb684563d648053b2c6.php 第 103 行.
NOTIC: [8] Use of undefined constant uri - assumed 'uri' D:\WebRoot\hmsyxx\Hemei\Runtime\Cache\Home\5036fb87e9eadcb684563d648053b2c6.php 第 103 行.
NOTIC: [8] Use of undefined constant uri - assumed 'uri' D:\WebRoot\hmsyxx\Hemei\Runtime\Cache\Home\5036fb87e9eadcb684563d648053b2c6.php 第 103 行.
NOTIC: [8] Use of undefined constant uri - assumed 'uri' D:\WebRoot\hmsyxx\Hemei\Runtime\Cache\Home\5036fb87e9eadcb684563d648053b2c6.php 第 103 行.
NOTIC: [8] Use of undefined constant uri - assumed 'uri' D:\WebRoot\hmsyxx\Hemei\Runtime\Cache\Home\5036fb87e9eadcb684563d648053b2c6.php 第 103 行.
NOTIC: [8] Undefined index: image D:\WebRoot\hmsyxx\Hemei\Runtime\Cache\Home\5036fb87e9eadcb684563d648053b2c6.php 第 126 行.
INFO: Run Behavior\ParseTemplateBehavior [ RunTime:0.046800s ]
INFO: [ view_parse ] --END-- [ RunTime:0.046800s ]
INFO: [ view_filter ] --START--
INFO: Run Behavior\WriteHtmlCacheBehavior [ RunTime:0.000000s ]
INFO: [ view_filter ] --END-- [ RunTime:0.000000s ]
INFO: [ app_end ] --START--
INFO: Run Behavior\ShowPageTraceBehavior [ RunTime:0.000000s ]
INFO: [ app_end ] --END-- [ RunTime:0.000000s ]

[ 2016-04-14T23:34:02+08:00 ] 127.0.0.1 /Home/Article/index/nav/3.html
INFO: [ app_init ] --START--
INFO: Run Behavior\BuildLiteBehavior [ RunTime:0.000000s ]
INFO: [ app_init ] --END-- [ RunTime:0.000000s ]
INFO: [ app_begin ] --START--
INFO: Run Behavior\ReadHtmlCacheBehavior [ RunTime:0.000000s ]
INFO: [ app_begin ] --END-- [ RunTime:0.000000s ]
SQL: SHOW COLUMNS FROM `hemei_sets` [ RunTime:0.0156s ]
SQL: SHOW COLUMNS FROM `hemei_sets` [ RunTime:0.0000s ]
SQL: SELECT * FROM `hemei_sets`  [ RunTime:0.0000s ]
SQL: SHOW COLUMNS FROM `hemei_nav` [ RunTime:0.0000s ]
SQL: SHOW COLUMNS FROM `hemei_nav` [ RunTime:0.0000s ]
SQL: SELECT * FROM `hemei_nav` WHERE `status` = 1 AND `type` = 1 ORDER BY oid ASC LIMIT 7   [ RunTime:0.0000s ]
SQL: SHOW COLUMNS FROM `hemei_links` [ RunTime:0.0156s ]
SQL: SHOW COLUMNS FROM `hemei_links` [ RunTime:0.0000s ]
SQL: SELECT * FROM `hemei_links` WHERE `status` = 1 ORDER BY oid ASC LIMIT 16   [ RunTime:0.0000s ]
NOTIC: [8] Undefined offset: 8 D:\WebRoot\hmsyxx\Hemei\Home\Controller\PublicController.class.php 第 80 行.
NOTIC: [8] Undefined offset: 12 D:\WebRoot\hmsyxx\Hemei\Home\Controller\PublicController.class.php 第 80 行.
NOTIC: [8] Undefined offset: 9 D:\WebRoot\hmsyxx\Hemei\Home\Controller\PublicController.class.php 第 80 行.
NOTIC: [8] Undefined offset: 13 D:\WebRoot\hmsyxx\Hemei\Home\Controller\PublicController.class.php 第 80 行.
NOTIC: [8] Undefined offset: 10 D:\WebRoot\hmsyxx\Hemei\Home\Controller\PublicController.class.php 第 80 行.
NOTIC: [8] Undefined offset: 14 D:\WebRoot\hmsyxx\Hemei\Home\Controller\PublicController.class.php 第 80 行.
NOTIC: [8] Undefined offset: 7 D:\WebRoot\hmsyxx\Hemei\Home\Controller\PublicController.class.php 第 80 行.
NOTIC: [8] Undefined offset: 11 D:\WebRoot\hmsyxx\Hemei\Home\Controller\PublicController.class.php 第 80 行.
NOTIC: [8] Undefined offset: 15 D:\WebRoot\hmsyxx\Hemei\Home\Controller\PublicController.class.php 第 80 行.
NOTIC: [8] Undefined index: cid D:\WebRoot\hmsyxx\Hemei\Home\Controller\ArticleController.class.php 第 25 行.
SQL: SHOW COLUMNS FROM `hemei_category` [ RunTime:0.0156s ]
SQL: SHOW COLUMNS FROM `hemei_category` [ RunTime:0.0000s ]
SQL: SELECT * FROM `hemei_category` WHERE `nid` = 3 ORDER BY oid ASC LIMIT 1   [ RunTime:0.0000s ]
SQL: SELECT * FROM `hemei_nav` WHERE `id` = 3 LIMIT 1   [ RunTime:0.0000s ]
SQL: SELECT * FROM `hemei_category` WHERE `status` = 1 AND `nid` = 3 AND `pid` = 0 ORDER BY oid ASC  [ RunTime:0.0000s ]
SQL: SELECT * FROM `hemei_category` WHERE `status` = 1 AND `pid` = 12 ORDER BY oid ASC  [ RunTime:0.0000s ]
SQL: SELECT * FROM `hemei_category` WHERE `status` = 1 AND `pid` = 13 ORDER BY oid ASC  [ RunTime:0.0000s ]
SQL: SELECT * FROM `hemei_category` WHERE `status` = 1 AND `pid` = 14 ORDER BY oid ASC  [ RunTime:0.0000s ]
SQL: SELECT * FROM `hemei_category` WHERE `status` = 1 AND `pid` = 15 ORDER BY oid ASC  [ RunTime:0.0000s ]
SQL: SHOW COLUMNS FROM `hemei_news` [ RunTime:0.0156s ]
SQL: SHOW COLUMNS FROM `hemei_news` [ RunTime:0.0000s ]
NOTIC: [8] Undefined index: limit D:\WebRoot\hmsyxx\ThinkPHP\Library\Think\Db\Driver.class.php 第 950 行.
SQL: SELECT * FROM `hemei_news` WHERE `status` = 0 AND `cid` = 12 ORDER BY oid DESC,posttime ASC LIMIT 0,20   [ RunTime:0.0000s ]
SQL: SELECT COUNT(*) AS tp_count FROM `hemei_news` WHERE `status` = 0 AND `cid` = 12 LIMIT 1   [ RunTime:0.0000s ]
INFO: [ view_parse ] --START--
INFO: [ template_filter ] --START--
INFO: Run Behavior\ContentReplaceBehavior [ RunTime:0.000000s ]
INFO: [ template_filter ] --END-- [ RunTime:0.000000s ]
INFO: Run Behavior\ParseTemplateBehavior [ RunTime:0.046801s ]
INFO: [ view_parse ] --END-- [ RunTime:0.046801s ]
INFO: [ view_filter ] --START--
INFO: Run Behavior\WriteHtmlCacheBehavior [ RunTime:0.000000s ]
INFO: [ view_filter ] --END-- [ RunTime:0.000000s ]
INFO: [ app_end ] --START--
INFO: Run Behavior\ShowPageTraceBehavior [ RunTime:0.000000s ]
INFO: [ app_end ] --END-- [ RunTime:0.000000s ]

